2012-03-19 03:42:48 Error: [MissingControllerException] Controller class CakephpController could not be found.
#0 /vol/web/html/cakephp/app/mobile/webroot/index.php(101): Dispatcher->dispatch(Object(CakeRequest), Object(CakeResponse))
#1 /vol/web/html/cakephp/app/mobile/index.php(17): require('/vol/web/html/c...')
#2 {main}
2012-03-19 03:43:14 Error: [MissingControllerException] Controller class CakephpController could not be found.
#0 /vol/web/html/cakephp/app/mobile/webroot/index.php(101): Dispatcher->dispatch(Object(CakeRequest), Object(CakeResponse))
#1 /vol/web/html/cakephp/app/mobile/index.php(17): require('/vol/web/html/c...')
#2 {main}
2012-03-19 03:43:54 Error: [MissingControllerException] Controller class CakephpController could not be found.
#0 /vol/web/html/cakephp/app/mobile/webroot/index.php(101): Dispatcher->dispatch(Object(CakeRequest), Object(CakeResponse))
#1 /vol/web/html/cakephp/app/mobile/index.php(17): require('/vol/web/html/c...')
#2 {main}
2012-03-19 03:43:57 Error: [MissingControllerException] Controller class CakephpController could not be found.
#0 /vol/web/html/cakephp/app/mobile/webroot/index.php(101): Dispatcher->dispatch(Object(CakeRequest), Object(CakeResponse))
#1 /vol/web/html/cakephp/app/mobile/index.php(17): require('/vol/web/html/c...')
#2 {main}
2012-03-19 03:43:58 Error: [MissingControllerException] Controller class CakephpController could not be found.
#0 /vol/web/html/cakephp/app/mobile/webroot/index.php(101): Dispatcher->dispatch(Object(CakeRequest), Object(CakeResponse))
#1 /vol/web/html/cakephp/app/mobile/index.php(17): require('/vol/web/html/c...')
#2 {main}
2012-03-19 04:08:06 Error: [MissingControllerException] Controller class CssController could not be found.
#0 /vol/web/html/cakephp/app/mobile/webroot/index.php(101): Dispatcher->dispatch(Object(CakeRequest), Object(CakeResponse))
#1 /vol/web/html/cakephp/app/mobile/index.php(17): require('/vol/web/html/c...')
#2 {main}
2012-03-19 04:08:07 Error: [MissingControllerException] Controller class Favicon.icoController could not be found.
#0 /vol/web/html/cakephp/app/mobile/webroot/index.php(101): Dispatcher->dispatch(Object(CakeRequest), Object(CakeResponse))
#1 /vol/web/html/cakephp/app/mobile/index.php(17): require('/vol/web/html/c...')
#2 {main}
2012-03-19 04:08:47 Error: [MissingControllerException] Controller class CssController could not be found.
#0 /vol/web/html/cakephp/app/mobile/webroot/index.php(101): Dispatcher->dispatch(Object(CakeRequest), Object(CakeResponse))
#1 /vol/web/html/cakephp/app/mobile/index.php(17): require('/vol/web/html/c...')
#2 {main}
2012-03-19 04:08:47 Error: [MissingControllerException] Controller class Favicon.icoController could not be found.
#0 /vol/web/html/cakephp/app/mobile/webroot/index.php(101): Dispatcher->dispatch(Object(CakeRequest), Object(CakeResponse))
#1 /vol/web/html/cakephp/app/mobile/index.php(17): require('/vol/web/html/c...')
#2 {main}
2012-03-19 04:09:17 Error: [MissingControllerException] Controller class CssController could not be found.
#0 /vol/web/html/cakephp/app/mobile/webroot/index.php(101): Dispatcher->dispatch(Object(CakeRequest), Object(CakeResponse))
#1 /vol/web/html/cakephp/app/mobile/index.php(17): require('/vol/web/html/c...')
#2 {main}
2012-03-19 04:09:17 Error: [MissingControllerException] Controller class Favicon.icoController could not be found.
#0 /vol/web/html/cakephp/app/mobile/webroot/index.php(101): Dispatcher->dispatch(Object(CakeRequest), Object(CakeResponse))
#1 /vol/web/html/cakephp/app/mobile/index.php(17): require('/vol/web/html/c...')
#2 {main}
2012-03-19 04:18:05 Error: [MissingControllerException] Controller class CssController could not be found.
#0 /vol/web/html/cakephp/app/mobile/webroot/index.php(101): Dispatcher->dispatch(Object(CakeRequest), Object(CakeResponse))
#1 /vol/web/html/cakephp/app/mobile/index.php(17): require('/vol/web/html/c...')
#2 {main}
2012-03-19 04:18:05 Error: [MissingControllerException] Controller class Favicon.icoController could not be found.
#0 /vol/web/html/cakephp/app/mobile/webroot/index.php(101): Dispatcher->dispatch(Object(CakeRequest), Object(CakeResponse))
#1 /vol/web/html/cakephp/app/mobile/index.php(17): require('/vol/web/html/c...')
#2 {main}
2012-03-21 11:15:52 Error: [MissingViewException] View file "/home/cake/mobile/View/Pages/jquery.js.ctp" is missing.
#0 /usr/lib/cake/lib/Cake/View/View.php(460): View->_getViewFileName('jquery.js')
#1 /usr/lib/cake/lib/Cake/Controller/Controller.php(962): View->render('jquery.js', NULL)
#2 /vol/home/cake/mobile/Controller/PagesController.php(71): Controller->render('jquery.js')
#3 [internal function]: PagesController->display('jquery.js')
#4 /usr/lib/cake/lib/Cake/Controller/Controller.php(488): ReflectionMethod->invokeArgs(Object(PagesController), Array)
#5 /usr/lib/cake/lib/Cake/Routing/Dispatcher.php(103): Controller->invokeAction(Object(CakeRequest))
#6 /usr/lib/cake/lib/Cake/Routing/Dispatcher.php(85): Dispatcher->_invoke(Object(PagesController), Object(CakeRequest), Object(CakeResponse))
#7 /vol/web/html/mobile/index.php(101): Dispatcher->dispatch(Object(CakeRequest), Object(CakeResponse))
#8 {main}
2012-03-21 11:15:56 Error: [MissingViewException] View file "/home/cake/mobile/View/Pages/style1.css.ctp" is missing.
#0 /usr/lib/cake/lib/Cake/View/View.php(460): View->_getViewFileName('style1.css')
#1 /usr/lib/cake/lib/Cake/Controller/Controller.php(962): View->render('style1.css', NULL)
#2 /vol/home/cake/mobile/Controller/PagesController.php(71): Controller->render('style1.css')
#3 [internal function]: PagesController->display('style1.css')
#4 /usr/lib/cake/lib/Cake/Controller/Controller.php(488): ReflectionMethod->invokeArgs(Object(PagesController), Array)
#5 /usr/lib/cake/lib/Cake/Routing/Dispatcher.php(103): Controller->invokeAction(Object(CakeRequest))
#6 /usr/lib/cake/lib/Cake/Routing/Dispatcher.php(85): Dispatcher->_invoke(Object(PagesController), Object(CakeRequest), Object(CakeResponse))
#7 /vol/web/html/mobile/index.php(101): Dispatcher->dispatch(Object(CakeRequest), Object(CakeResponse))
#8 {main}
2012-03-21 11:15:57 Error: [MissingViewException] View file "/home/cake/mobile/View/Pages/jquery_mobile.js.ctp" is missing.
#0 /usr/lib/cake/lib/Cake/View/View.php(460): View->_getViewFileName('jquery_mobile.j...')
#1 /usr/lib/cake/lib/Cake/Controller/Controller.php(962): View->render('jquery_mobile.j...', NULL)
#2 /vol/home/cake/mobile/Controller/PagesController.php(71): Controller->render('jquery_mobile.j...')
#3 [internal function]: PagesController->display('jquery_mobile.j...')
#4 /usr/lib/cake/lib/Cake/Controller/Controller.php(488): ReflectionMethod->invokeArgs(Object(PagesController), Array)
#5 /usr/lib/cake/lib/Cake/Routing/Dispatcher.php(103): Controller->invokeAction(Object(CakeRequest))
#6 /usr/lib/cake/lib/Cake/Routing/Dispatcher.php(85): Dispatcher->_invoke(Object(PagesController), Object(CakeRequest), Object(CakeResponse))
#7 /vol/web/html/mobile/index.php(101): Dispatcher->dispatch(Object(CakeRequest), Object(CakeResponse))
#8 {main}
2012-03-21 11:15:57 Error: [MissingViewException] View file "/home/cake/mobile/View/Pages/images/sailthru_logo.png.ctp" is missing.
#0 /usr/lib/cake/lib/Cake/View/View.php(460): View->_getViewFileName('images/sailthru...')
#1 /usr/lib/cake/lib/Cake/Controller/Controller.php(962): View->render('images/sailthru...', NULL)
#2 /vol/home/cake/mobile/Controller/PagesController.php(71): Controller->render('images/sailthru...')
#3 [internal function]: PagesController->display('images', 'sailthru_logo.p...')
#4 /usr/lib/cake/lib/Cake/Controller/Controller.php(488): ReflectionMethod->invokeArgs(Object(PagesController), Array)
#5 /usr/lib/cake/lib/Cake/Routing/Dispatcher.php(103): Controller->invokeAction(Object(CakeRequest))
#6 /usr/lib/cake/lib/Cake/Routing/Dispatcher.php(85): Dispatcher->_invoke(Object(PagesController), Object(CakeRequest), Object(CakeResponse))
#7 /vol/web/html/mobile/index.php(101): Dispatcher->dispatch(Object(CakeRequest), Object(CakeResponse))
#8 {main}
2012-03-21 11:22:15 Error: [MissingViewException] View file "/home/cake/mobile/View/Pages/images/sailthru_logo.png.ctp" is missing.
#0 /usr/lib/cake/lib/Cake/View/View.php(460): View->_getViewFileName('images/sailthru...')
#1 /usr/lib/cake/lib/Cake/Controller/Controller.php(962): View->render('images/sailthru...', NULL)
#2 /vol/home/cake/mobile/Controller/PagesController.php(71): Controller->render('images/sailthru...')
#3 [internal function]: PagesController->display('images', 'sailthru_logo.p...')
#4 /usr/lib/cake/lib/Cake/Controller/Controller.php(488): ReflectionMethod->invokeArgs(Object(PagesController), Array)
#5 /usr/lib/cake/lib/Cake/Routing/Dispatcher.php(103): Controller->invokeAction(Object(CakeRequest))
#6 /usr/lib/cake/lib/Cake/Routing/Dispatcher.php(85): Dispatcher->_invoke(Object(PagesController), Object(CakeRequest), Object(CakeResponse))
#7 /vol/web/html/mobile/index.php(101): Dispatcher->dispatch(Object(CakeRequest), Object(CakeResponse))
#8 {main}
2012-03-21 11:22:48 Error: [MissingViewException] View file "/home/cake/mobile/View/Pages/images/sailthru_logo.png.ctp" is missing.
#0 /usr/lib/cake/lib/Cake/View/View.php(460): View->_getViewFileName('images/sailthru...')
#1 /usr/lib/cake/lib/Cake/Controller/Controller.php(962): View->render('images/sailthru...', NULL)
#2 /vol/home/cake/mobile/Controller/PagesController.php(71): Controller->render('images/sailthru...')
#3 [internal function]: PagesController->display('images', 'sailthru_logo.p...')
#4 /usr/lib/cake/lib/Cake/Controller/Controller.php(488): ReflectionMethod->invokeArgs(Object(PagesController), Array)
#5 /usr/lib/cake/lib/Cake/Routing/Dispatcher.php(103): Controller->invokeAction(Object(CakeRequest))
#6 /usr/lib/cake/lib/Cake/Routing/Dispatcher.php(85): Dispatcher->_invoke(Object(PagesController), Object(CakeRequest), Object(CakeResponse))
#7 /vol/web/html/mobile/index.php(101): Dispatcher->dispatch(Object(CakeRequest), Object(CakeResponse))
#8 {main}
2012-03-21 11:22:54 Error: [MissingViewException] View file "/home/cake/mobile/View/Pages/images/sailthru_logo.png.ctp" is missing.
#0 /usr/lib/cake/lib/Cake/View/View.php(460): View->_getViewFileName('images/sailthru...')
#1 /usr/lib/cake/lib/Cake/Controller/Controller.php(962): View->render('images/sailthru...', NULL)
#2 /vol/home/cake/mobile/Controller/PagesController.php(71): Controller->render('images/sailthru...')
#3 [internal function]: PagesController->display('images', 'sailthru_logo.p...')
#4 /usr/lib/cake/lib/Cake/Controller/Controller.php(488): ReflectionMethod->invokeArgs(Object(PagesController), Array)
#5 /usr/lib/cake/lib/Cake/Routing/Dispatcher.php(103): Controller->invokeAction(Object(CakeRequest))
#6 /usr/lib/cake/lib/Cake/Routing/Dispatcher.php(85): Dispatcher->_invoke(Object(PagesController), Object(CakeRequest), Object(CakeResponse))
#7 /vol/web/html/mobile/index.php(101): Dispatcher->dispatch(Object(CakeRequest), Object(CakeResponse))
#8 {main}
2012-03-21 11:23:18 Error: [MissingControllerException] Controller class CampaignsController could not be found.
#0 /vol/web/html/mobile/index.php(101): Dispatcher->dispatch(Object(CakeRequest), Object(CakeResponse))
#1 {main}
2012-03-21 11:23:26 Error: [MissingViewException] View file "/home/cake/mobile/View/Pages/images/sailthru_logo.png.ctp" is missing.
#0 /usr/lib/cake/lib/Cake/View/View.php(460): View->_getViewFileName('images/sailthru...')
#1 /usr/lib/cake/lib/Cake/Controller/Controller.php(962): View->render('images/sailthru...', NULL)
#2 /vol/home/cake/mobile/Controller/PagesController.php(71): Controller->render('images/sailthru...')
#3 [internal function]: PagesController->display('images', 'sailthru_logo.p...')
#4 /usr/lib/cake/lib/Cake/Controller/Controller.php(488): ReflectionMethod->invokeArgs(Object(PagesController), Array)
#5 /usr/lib/cake/lib/Cake/Routing/Dispatcher.php(103): Controller->invokeAction(Object(CakeRequest))
#6 /usr/lib/cake/lib/Cake/Routing/Dispatcher.php(85): Dispatcher->_invoke(Object(PagesController), Object(CakeRequest), Object(CakeResponse))
#7 /vol/web/html/mobile/index.php(101): Dispatcher->dispatch(Object(CakeRequest), Object(CakeResponse))
#8 {main}
2012-03-21 11:25:39 Error: [MissingViewException] View file "/home/cake/mobile/View/Pages/images/sailthru_logo.png.ctp" is missing.
#0 /usr/lib/cake/lib/Cake/View/View.php(460): View->_getViewFileName('images/sailthru...')
#1 /usr/lib/cake/lib/Cake/Controller/Controller.php(962): View->render('images/sailthru...', NULL)
#2 /vol/home/cake/mobile/Controller/PagesController.php(71): Controller->render('images/sailthru...')
#3 [internal function]: PagesController->display('images', 'sailthru_logo.p...')
#4 /usr/lib/cake/lib/Cake/Controller/Controller.php(488): ReflectionMethod->invokeArgs(Object(PagesController), Array)
#5 /usr/lib/cake/lib/Cake/Routing/Dispatcher.php(103): Controller->invokeAction(Object(CakeRequest))
#6 /usr/lib/cake/lib/Cake/Routing/Dispatcher.php(85): Dispatcher->_invoke(Object(PagesController), Object(CakeRequest), Object(CakeResponse))
#7 /vol/web/html/mobile/index.php(101): Dispatcher->dispatch(Object(CakeRequest), Object(CakeResponse))
#8 {main}
2012-03-21 11:26:42 Error: [MissingViewException] View file "/home/cake/mobile/View/Pages/images/sailthru_logo.png.ctp" is missing.
#0 /usr/lib/cake/lib/Cake/View/View.php(460): View->_getViewFileName('images/sailthru...')
#1 /usr/lib/cake/lib/Cake/Controller/Controller.php(962): View->render('images/sailthru...', NULL)
#2 /vol/home/cake/mobile/Controller/PagesController.php(71): Controller->render('images/sailthru...')
#3 [internal function]: PagesController->display('images', 'sailthru_logo.p...')
#4 /usr/lib/cake/lib/Cake/Controller/Controller.php(488): ReflectionMethod->invokeArgs(Object(PagesController), Array)
#5 /usr/lib/cake/lib/Cake/Routing/Dispatcher.php(103): Controller->invokeAction(Object(CakeRequest))
#6 /usr/lib/cake/lib/Cake/Routing/Dispatcher.php(85): Dispatcher->_invoke(Object(PagesController), Object(CakeRequest), Object(CakeResponse))
#7 /vol/web/html/mobile/index.php(101): Dispatcher->dispatch(Object(CakeRequest), Object(CakeResponse))
#8 {main}
2012-03-21 11:28:41 Error: [MissingViewException] View file "/home/cake/mobile/View/Pages/images/sailthru_logo.png.ctp" is missing.
#0 /usr/lib/cake/lib/Cake/View/View.php(460): View->_getViewFileName('images/sailthru...')
#1 /usr/lib/cake/lib/Cake/Controller/Controller.php(962): View->render('images/sailthru...', NULL)
#2 /vol/home/cake/mobile/Controller/PagesController.php(71): Controller->render('images/sailthru...')
#3 [internal function]: PagesController->display('images', 'sailthru_logo.p...')
#4 /usr/lib/cake/lib/Cake/Controller/Controller.php(488): ReflectionMethod->invokeArgs(Object(PagesController), Array)
#5 /usr/lib/cake/lib/Cake/Routing/Dispatcher.php(103): Controller->invokeAction(Object(CakeRequest))
#6 /usr/lib/cake/lib/Cake/Routing/Dispatcher.php(85): Dispatcher->_invoke(Object(PagesController), Object(CakeRequest), Object(CakeResponse))
#7 /vol/web/html/mobile/index.php(101): Dispatcher->dispatch(Object(CakeRequest), Object(CakeResponse))
#8 {main}
2012-03-21 11:31:59 Error: [MissingViewException] View file "/home/cake/mobile/View/Pages/images/sailthru_logo.png.ctp" is missing.
#0 /usr/lib/cake/lib/Cake/View/View.php(460): View->_getViewFileName('images/sailthru...')
#1 /usr/lib/cake/lib/Cake/Controller/Controller.php(962): View->render('images/sailthru...', NULL)
#2 /vol/home/cake/mobile/Controller/PagesController.php(71): Controller->render('images/sailthru...')
#3 [internal function]: PagesController->display('images', 'sailthru_logo.p...')
#4 /usr/lib/cake/lib/Cake/Controller/Controller.php(488): ReflectionMethod->invokeArgs(Object(PagesController), Array)
#5 /usr/lib/cake/lib/Cake/Routing/Dispatcher.php(103): Controller->invokeAction(Object(CakeRequest))
#6 /usr/lib/cake/lib/Cake/Routing/Dispatcher.php(85): Dispatcher->_invoke(Object(PagesController), Object(CakeRequest), Object(CakeResponse))
#7 /vol/web/html/mobile/index.php(101): Dispatcher->dispatch(Object(CakeRequest), Object(CakeResponse))
#8 {main}
2012-03-21 11:33:04 Error: [MissingViewException] View file "/home/cake/mobile/View/Pages/images/sailthru_logo.png.ctp" is missing.
#0 /usr/lib/cake/lib/Cake/View/View.php(460): View->_getViewFileName('images/sailthru...')
#1 /usr/lib/cake/lib/Cake/Controller/Controller.php(962): View->render('images/sailthru...', NULL)
#2 /vol/home/cake/mobile/Controller/PagesController.php(71): Controller->render('images/sailthru...')
#3 [internal function]: PagesController->display('images', 'sailthru_logo.p...')
#4 /usr/lib/cake/lib/Cake/Controller/Controller.php(488): ReflectionMethod->invokeArgs(Object(PagesController), Array)
#5 /usr/lib/cake/lib/Cake/Routing/Dispatcher.php(103): Controller->invokeAction(Object(CakeRequest))
#6 /usr/lib/cake/lib/Cake/Routing/Dispatcher.php(85): Dispatcher->_invoke(Object(PagesController), Object(CakeRequest), Object(CakeResponse))
#7 /vol/web/html/mobile/index.php(101): Dispatcher->dispatch(Object(CakeRequest), Object(CakeResponse))
#8 {main}
2012-03-21 11:33:11 Error: [MissingViewException] View file "/home/cake/mobile/View/Pages/images/sailthru_logo.png.ctp" is missing.
#0 /usr/lib/cake/lib/Cake/View/View.php(460): View->_getViewFileName('images/sailthru...')
#1 /usr/lib/cake/lib/Cake/Controller/Controller.php(962): View->render('images/sailthru...', NULL)
#2 /vol/home/cake/mobile/Controller/PagesController.php(71): Controller->render('images/sailthru...')
#3 [internal function]: PagesController->display('images', 'sailthru_logo.p...')
#4 /usr/lib/cake/lib/Cake/Controller/Controller.php(488): ReflectionMethod->invokeArgs(Object(PagesController), Array)
#5 /usr/lib/cake/lib/Cake/Routing/Dispatcher.php(103): Controller->invokeAction(Object(CakeRequest))
#6 /usr/lib/cake/lib/Cake/Routing/Dispatcher.php(85): Dispatcher->_invoke(Object(PagesController), Object(CakeRequest), Object(CakeResponse))
#7 /vol/web/html/mobile/index.php(101): Dispatcher->dispatch(Object(CakeRequest), Object(CakeResponse))
#8 {main}
2012-03-21 11:33:47 Error: [MissingViewException] View file "/home/cake/mobile/View/Pages/images/sailthru_logo.png.ctp" is missing.
#0 /usr/lib/cake/lib/Cake/View/View.php(460): View->_getViewFileName('images/sailthru...')
#1 /usr/lib/cake/lib/Cake/Controller/Controller.php(962): View->render('images/sailthru...', NULL)
#2 /vol/home/cake/mobile/Controller/PagesController.php(71): Controller->render('images/sailthru...')
#3 [internal function]: PagesController->display('images', 'sailthru_logo.p...')
#4 /usr/lib/cake/lib/Cake/Controller/Controller.php(488): ReflectionMethod->invokeArgs(Object(PagesController), Array)
#5 /usr/lib/cake/lib/Cake/Routing/Dispatcher.php(103): Controller->invokeAction(Object(CakeRequest))
#6 /usr/lib/cake/lib/Cake/Routing/Dispatcher.php(85): Dispatcher->_invoke(Object(PagesController), Object(CakeRequest), Object(CakeResponse))
#7 /vol/web/html/mobile/index.php(101): Dispatcher->dispatch(Object(CakeRequest), Object(CakeResponse))
#8 {main}
2012-03-21 11:33:52 Error: [MissingViewException] View file "/home/cake/mobile/View/Pages/images/sailthru_logo.png.ctp" is missing.
#0 /usr/lib/cake/lib/Cake/View/View.php(460): View->_getViewFileName('images/sailthru...')
#1 /usr/lib/cake/lib/Cake/Controller/Controller.php(962): View->render('images/sailthru...', NULL)
#2 /vol/home/cake/mobile/Controller/PagesController.php(71): Controller->render('images/sailthru...')
#3 [internal function]: PagesController->display('images', 'sailthru_logo.p...')
#4 /usr/lib/cake/lib/Cake/Controller/Controller.php(488): ReflectionMethod->invokeArgs(Object(PagesController), Array)
#5 /usr/lib/cake/lib/Cake/Routing/Dispatcher.php(103): Controller->invokeAction(Object(CakeRequest))
#6 /usr/lib/cake/lib/Cake/Routing/Dispatcher.php(85): Dispatcher->_invoke(Object(PagesController), Object(CakeRequest), Object(CakeResponse))
#7 /vol/web/html/mobile/index.php(101): Dispatcher->dispatch(Object(CakeRequest), Object(CakeResponse))
#8 {main}
2012-03-21 11:35:32 Error: [MissingViewException] View file "/home/cake/mobile/View/Pages/images/sailthru_logo.png.ctp" is missing.
#0 /usr/lib/cake/lib/Cake/View/View.php(460): View->_getViewFileName('images/sailthru...')
#1 /usr/lib/cake/lib/Cake/Controller/Controller.php(962): View->render('images/sailthru...', NULL)
#2 /vol/home/cake/mobile/Controller/PagesController.php(71): Controller->render('images/sailthru...')
#3 [internal function]: PagesController->display('images', 'sailthru_logo.p...')
#4 /usr/lib/cake/lib/Cake/Controller/Controller.php(488): ReflectionMethod->invokeArgs(Object(PagesController), Array)
#5 /usr/lib/cake/lib/Cake/Routing/Dispatcher.php(103): Controller->invokeAction(Object(CakeRequest))
#6 /usr/lib/cake/lib/Cake/Routing/Dispatcher.php(85): Dispatcher->_invoke(Object(PagesController), Object(CakeRequest), Object(CakeResponse))
#7 /vol/web/html/mobile/index.php(101): Dispatcher->dispatch(Object(CakeRequest), Object(CakeResponse))
#8 {main}
2012-03-21 11:35:32 Error: [MissingControllerException] Controller class CssController could not be found.
#0 /vol/web/html/mobile/index.php(101): Dispatcher->dispatch(Object(CakeRequest), Object(CakeResponse))
#1 {main}
2012-03-21 11:35:32 Error: [MissingControllerException] Controller class CssController could not be found.
#0 /vol/web/html/mobile/index.php(101): Dispatcher->dispatch(Object(CakeRequest), Object(CakeResponse))
#1 {main}
2012-03-21 11:35:32 Error: [MissingControllerException] Controller class CssController could not be found.
#0 /vol/web/html/mobile/index.php(101): Dispatcher->dispatch(Object(CakeRequest), Object(CakeResponse))
#1 {main}
2012-03-21 11:35:32 Error: [MissingControllerException] Controller class CssController could not be found.
#0 /vol/web/html/mobile/index.php(101): Dispatcher->dispatch(Object(CakeRequest), Object(CakeResponse))
#1 {main}
2012-03-21 11:35:32 Error: [MissingControllerException] Controller class CssController could not be found.
#0 /vol/web/html/mobile/index.php(101): Dispatcher->dispatch(Object(CakeRequest), Object(CakeResponse))
#1 {main}
2012-03-21 11:35:32 Error: [MissingControllerException] Controller class CssController could not be found.
#0 /vol/web/html/mobile/index.php(101): Dispatcher->dispatch(Object(CakeRequest), Object(CakeResponse))
#1 {main}
2012-03-21 11:37:26 Error: [MissingViewException] View file "/home/cake/mobile/View/Pages/images/sailthru_logo.png.ctp" is missing.
#0 /usr/lib/cake/lib/Cake/View/View.php(460): View->_getViewFileName('images/sailthru...')
#1 /usr/lib/cake/lib/Cake/Controller/Controller.php(962): View->render('images/sailthru...', NULL)
#2 /vol/home/cake/mobile/Controller/PagesController.php(71): Controller->render('images/sailthru...')
#3 [internal function]: PagesController->display('images', 'sailthru_logo.p...')
#4 /usr/lib/cake/lib/Cake/Controller/Controller.php(488): ReflectionMethod->invokeArgs(Object(PagesController), Array)
#5 /usr/lib/cake/lib/Cake/Routing/Dispatcher.php(103): Controller->invokeAction(Object(CakeRequest))
#6 /usr/lib/cake/lib/Cake/Routing/Dispatcher.php(85): Dispatcher->_invoke(Object(PagesController), Object(CakeRequest), Object(CakeResponse))
#7 /vol/web/html/mobile/index.php(101): Dispatcher->dispatch(Object(CakeRequest), Object(CakeResponse))
#8 {main}
2012-03-21 11:37:26 Error: [MissingControllerException] Controller class CssController could not be found.
#0 /vol/web/html/mobile/index.php(101): Dispatcher->dispatch(Object(CakeRequest), Object(CakeResponse))
#1 {main}
2012-03-21 11:37:26 Error: [MissingControllerException] Controller class CssController could not be found.
#0 /vol/web/html/mobile/index.php(101): Dispatcher->dispatch(Object(CakeRequest), Object(CakeResponse))
#1 {main}
2012-03-21 11:37:26 Error: [MissingControllerException] Controller class CssController could not be found.
#0 /vol/web/html/mobile/index.php(101): Dispatcher->dispatch(Object(CakeRequest), Object(CakeResponse))
#1 {main}
2012-03-21 11:37:26 Error: [MissingControllerException] Controller class CssController could not be found.
#0 /vol/web/html/mobile/index.php(101): Dispatcher->dispatch(Object(CakeRequest), Object(CakeResponse))
#1 {main}
2012-03-21 11:37:26 Error: [MissingControllerException] Controller class CssController could not be found.
#0 /vol/web/html/mobile/index.php(101): Dispatcher->dispatch(Object(CakeRequest), Object(CakeResponse))
#1 {main}
2012-03-21 11:38:26 Error: [MissingControllerException] Controller class CssController could not be found.
#0 /vol/web/html/mobile/index.php(101): Dispatcher->dispatch(Object(CakeRequest), Object(CakeResponse))
#1 {main}
2012-03-21 11:39:16 Error: [MissingViewException] View file "/home/cake/mobile/View/Pages/images/sailthru_logo.png.ctp" is missing.
#0 /usr/lib/cake/lib/Cake/View/View.php(460): View->_getViewFileName('images/sailthru...')
#1 /usr/lib/cake/lib/Cake/Controller/Controller.php(962): View->render('images/sailthru...', NULL)
#2 /vol/home/cake/mobile/Controller/PagesController.php(71): Controller->render('images/sailthru...')
#3 [internal function]: PagesController->display('images', 'sailthru_logo.p...')
#4 /usr/lib/cake/lib/Cake/Controller/Controller.php(488): ReflectionMethod->invokeArgs(Object(PagesController), Array)
#5 /usr/lib/cake/lib/Cake/Routing/Dispatcher.php(103): Controller->invokeAction(Object(CakeRequest))
#6 /usr/lib/cake/lib/Cake/Routing/Dispatcher.php(85): Dispatcher->_invoke(Object(PagesController), Object(CakeRequest), Object(CakeResponse))
#7 /vol/web/html/mobile/index.php(101): Dispatcher->dispatch(Object(CakeRequest), Object(CakeResponse))
#8 {main}
2012-03-21 11:39:39 Error: [MissingViewException] View file "/home/cake/mobile/View/Pages/images/sailthru_logo.png.ctp" is missing.
#0 /usr/lib/cake/lib/Cake/View/View.php(460): View->_getViewFileName('images/sailthru...')
#1 /usr/lib/cake/lib/Cake/Controller/Controller.php(962): View->render('images/sailthru...', NULL)
#2 /vol/home/cake/mobile/Controller/PagesController.php(71): Controller->render('images/sailthru...')
#3 [internal function]: PagesController->display('images', 'sailthru_logo.p...')
#4 /usr/lib/cake/lib/Cake/Controller/Controller.php(488): ReflectionMethod->invokeArgs(Object(PagesController), Array)
#5 /usr/lib/cake/lib/Cake/Routing/Dispatcher.php(103): Controller->invokeAction(Object(CakeRequest))
#6 /usr/lib/cake/lib/Cake/Routing/Dispatcher.php(85): Dispatcher->_invoke(Object(PagesController), Object(CakeRequest), Object(CakeResponse))
#7 /vol/web/html/mobile/index.php(101): Dispatcher->dispatch(Object(CakeRequest), Object(CakeResponse))
#8 {main}
2012-03-21 11:40:50 Error: [MissingViewException] View file "/home/cake/mobile/View/Pages/img/sailthru_logo.png.ctp" is missing.
#0 /usr/lib/cake/lib/Cake/View/View.php(460): View->_getViewFileName('img/sailthru_lo...')
#1 /usr/lib/cake/lib/Cake/Controller/Controller.php(962): View->render('img/sailthru_lo...', NULL)
#2 /vol/home/cake/mobile/Controller/PagesController.php(71): Controller->render('img/sailthru_lo...')
#3 [internal function]: PagesController->display('img', 'sailthru_logo.p...')
#4 /usr/lib/cake/lib/Cake/Controller/Controller.php(488): ReflectionMethod->invokeArgs(Object(PagesController), Array)
#5 /usr/lib/cake/lib/Cake/Routing/Dispatcher.php(103): Controller->invokeAction(Object(CakeRequest))
#6 /usr/lib/cake/lib/Cake/Routing/Dispatcher.php(85): Dispatcher->_invoke(Object(PagesController), Object(CakeRequest), Object(CakeResponse))
#7 /vol/web/html/mobile/index.php(101): Dispatcher->dispatch(Object(CakeRequest), Object(CakeResponse))
#8 {main}
2012-03-21 11:40:59 Error: [MissingViewException] View file "/home/cake/mobile/View/Pages/img/sailthru_logo.png.ctp" is missing.
#0 /usr/lib/cake/lib/Cake/View/View.php(460): View->_getViewFileName('img/sailthru_lo...')
#1 /usr/lib/cake/lib/Cake/Controller/Controller.php(962): View->render('img/sailthru_lo...', NULL)
#2 /vol/home/cake/mobile/Controller/PagesController.php(71): Controller->render('img/sailthru_lo...')
#3 [internal function]: PagesController->display('img', 'sailthru_logo.p...')
#4 /usr/lib/cake/lib/Cake/Controller/Controller.php(488): ReflectionMethod->invokeArgs(Object(PagesController), Array)
#5 /usr/lib/cake/lib/Cake/Routing/Dispatcher.php(103): Controller->invokeAction(Object(CakeRequest))
#6 /usr/lib/cake/lib/Cake/Routing/Dispatcher.php(85): Dispatcher->_invoke(Object(PagesController), Object(CakeRequest), Object(CakeResponse))
#7 /vol/web/html/mobile/index.php(101): Dispatcher->dispatch(Object(CakeRequest), Object(CakeResponse))
#8 {main}
2012-03-21 11:45:11 Error: [MissingViewException] View file "/home/cake/mobile/View/Pages/campaigns_tab.html.ctp" is missing.
#0 /usr/lib/cake/lib/Cake/View/View.php(460): View->_getViewFileName('campaigns_tab.h...')
#1 /usr/lib/cake/lib/Cake/Controller/Controller.php(962): View->render('campaigns_tab.h...', NULL)
#2 /vol/home/cake/mobile/Controller/PagesController.php(71): Controller->render('campaigns_tab.h...')
#3 [internal function]: PagesController->display('campaigns_tab.h...')
#4 /usr/lib/cake/lib/Cake/Controller/Controller.php(488): ReflectionMethod->invokeArgs(Object(PagesController), Array)
#5 /usr/lib/cake/lib/Cake/Routing/Dispatcher.php(103): Controller->invokeAction(Object(CakeRequest))
#6 /usr/lib/cake/lib/Cake/Routing/Dispatcher.php(85): Dispatcher->_invoke(Object(PagesController), Object(CakeRequest), Object(CakeResponse))
#7 /vol/web/html/mobile/index.php(101): Dispatcher->dispatch(Object(CakeRequest), Object(CakeResponse))
#8 {main}
2012-03-21 11:45:35 Error: [MissingViewException] View file "/home/cake/mobile/View/Pages/contact_tab.html.ctp" is missing.
#0 /usr/lib/cake/lib/Cake/View/View.php(460): View->_getViewFileName('contact_tab.htm...')
#1 /usr/lib/cake/lib/Cake/Controller/Controller.php(962): View->render('contact_tab.htm...', NULL)
#2 /vol/home/cake/mobile/Controller/PagesController.php(71): Controller->render('contact_tab.htm...')
#3 [internal function]: PagesController->display('contact_tab.htm...')
#4 /usr/lib/cake/lib/Cake/Controller/Controller.php(488): ReflectionMethod->invokeArgs(Object(PagesController), Array)
#5 /usr/lib/cake/lib/Cake/Routing/Dispatcher.php(103): Controller->invokeAction(Object(CakeRequest))
#6 /usr/lib/cake/lib/Cake/Routing/Dispatcher.php(85): Dispatcher->_invoke(Object(PagesController), Object(CakeRequest), Object(CakeResponse))
#7 /vol/web/html/mobile/index.php(101): Dispatcher->dispatch(Object(CakeRequest), Object(CakeResponse))
#8 {main}
2012-03-21 11:45:37 Error: [MissingViewException] View file "/home/cake/mobile/View/Pages/campaigns_tab.html.ctp" is missing.
#0 /usr/lib/cake/lib/Cake/View/View.php(460): View->_getViewFileName('campaigns_tab.h...')
#1 /usr/lib/cake/lib/Cake/Controller/Controller.php(962): View->render('campaigns_tab.h...', NULL)
#2 /vol/home/cake/mobile/Controller/PagesController.php(71): Controller->render('campaigns_tab.h...')
#3 [internal function]: PagesController->display('campaigns_tab.h...')
#4 /usr/lib/cake/lib/Cake/Controller/Controller.php(488): ReflectionMethod->invokeArgs(Object(PagesController), Array)
#5 /usr/lib/cake/lib/Cake/Routing/Dispatcher.php(103): Controller->invokeAction(Object(CakeRequest))
#6 /usr/lib/cake/lib/Cake/Routing/Dispatcher.php(85): Dispatcher->_invoke(Object(PagesController), Object(CakeRequest), Object(CakeResponse))
#7 /vol/web/html/mobile/index.php(101): Dispatcher->dispatch(Object(CakeRequest), Object(CakeResponse))
#8 {main}
2012-03-21 11:45:52 Error: [MissingViewException] View file "/home/cake/mobile/View/Pages/contact_tab.html.ctp" is missing.
#0 /usr/lib/cake/lib/Cake/View/View.php(460): View->_getViewFileName('contact_tab.htm...')
#1 /usr/lib/cake/lib/Cake/Controller/Controller.php(962): View->render('contact_tab.htm...', NULL)
#2 /vol/home/cake/mobile/Controller/PagesController.php(71): Controller->render('contact_tab.htm...')
#3 [internal function]: PagesController->display('contact_tab.htm...')
#4 /usr/lib/cake/lib/Cake/Controller/Controller.php(488): ReflectionMethod->invokeArgs(Object(PagesController), Array)
#5 /usr/lib/cake/lib/Cake/Routing/Dispatcher.php(103): Controller->invokeAction(Object(CakeRequest))
#6 /usr/lib/cake/lib/Cake/Routing/Dispatcher.php(85): Dispatcher->_invoke(Object(PagesController), Object(CakeRequest), Object(CakeResponse))
#7 /vol/web/html/mobile/index.php(101): Dispatcher->dispatch(Object(CakeRequest), Object(CakeResponse))
#8 {main}
2012-03-21 11:45:55 Error: [MissingViewException] View file "/home/cake/mobile/View/Pages/campaigns_tab.html.ctp" is missing.
#0 /usr/lib/cake/lib/Cake/View/View.php(460): View->_getViewFileName('campaigns_tab.h...')
#1 /usr/lib/cake/lib/Cake/Controller/Controller.php(962): View->render('campaigns_tab.h...', NULL)
#2 /vol/home/cake/mobile/Controller/PagesController.php(71): Controller->render('campaigns_tab.h...')
#3 [internal function]: PagesController->display('campaigns_tab.h...')
#4 /usr/lib/cake/lib/Cake/Controller/Controller.php(488): ReflectionMethod->invokeArgs(Object(PagesController), Array)
#5 /usr/lib/cake/lib/Cake/Routing/Dispatcher.php(103): Controller->invokeAction(Object(CakeRequest))
#6 /usr/lib/cake/lib/Cake/Routing/Dispatcher.php(85): Dispatcher->_invoke(Object(PagesController), Object(CakeRequest), Object(CakeResponse))
#7 /vol/web/html/mobile/index.php(101): Dispatcher->dispatch(Object(CakeRequest), Object(CakeResponse))
#8 {main}
2012-03-21 11:46:58 Error: [MissingViewException] View file "/home/cake/mobile/View/Pages/campaigns_tab.html.ctp" is missing.
#0 /usr/lib/cake/lib/Cake/View/View.php(460): View->_getViewFileName('campaigns_tab.h...')
#1 /usr/lib/cake/lib/Cake/Controller/Controller.php(962): View->render('campaigns_tab.h...', NULL)
#2 /vol/home/cake/mobile/Controller/PagesController.php(71): Controller->render('campaigns_tab.h...')
#3 [internal function]: PagesController->display('campaigns_tab.h...')
#4 /usr/lib/cake/lib/Cake/Controller/Controller.php(488): ReflectionMethod->invokeArgs(Object(PagesController), Array)
#5 /usr/lib/cake/lib/Cake/Routing/Dispatcher.php(103): Controller->invokeAction(Object(CakeRequest))
#6 /usr/lib/cake/lib/Cake/Routing/Dispatcher.php(85): Dispatcher->_invoke(Object(PagesController), Object(CakeRequest), Object(CakeResponse))
#7 /vol/web/html/mobile/index.php(101): Dispatcher->dispatch(Object(CakeRequest), Object(CakeResponse))
#8 {main}
2012-03-21 11:46:59 Error: [MissingViewException] View file "/home/cake/mobile/View/Pages/contact_tab.html.ctp" is missing.
#0 /usr/lib/cake/lib/Cake/View/View.php(460): View->_getViewFileName('contact_tab.htm...')
#1 /usr/lib/cake/lib/Cake/Controller/Controller.php(962): View->render('contact_tab.htm...', NULL)
#2 /vol/home/cake/mobile/Controller/PagesController.php(71): Controller->render('contact_tab.htm...')
#3 [internal function]: PagesController->display('contact_tab.htm...')
#4 /usr/lib/cake/lib/Cake/Controller/Controller.php(488): ReflectionMethod->invokeArgs(Object(PagesController), Array)
#5 /usr/lib/cake/lib/Cake/Routing/Dispatcher.php(103): Controller->invokeAction(Object(CakeRequest))
#6 /usr/lib/cake/lib/Cake/Routing/Dispatcher.php(85): Dispatcher->_invoke(Object(PagesController), Object(CakeRequest), Object(CakeResponse))
#7 /vol/web/html/mobile/index.php(101): Dispatcher->dispatch(Object(CakeRequest), Object(CakeResponse))
#8 {main}
2012-03-21 12:00:28 Error: [MissingViewException] View file "/home/cake/mobile/View/Pages/contact_tab.html.ctp" is missing.
#0 /usr/lib/cake/lib/Cake/View/View.php(460): View->_getViewFileName('contact_tab.htm...')
#1 /usr/lib/cake/lib/Cake/Controller/Controller.php(962): View->render('contact_tab.htm...', NULL)
#2 /vol/home/cake/mobile/Controller/PagesController.php(71): Controller->render('contact_tab.htm...')
#3 [internal function]: PagesController->display('contact_tab.htm...')
#4 /usr/lib/cake/lib/Cake/Controller/Controller.php(488): ReflectionMethod->invokeArgs(Object(PagesController), Array)
#5 /usr/lib/cake/lib/Cake/Routing/Dispatcher.php(103): Controller->invokeAction(Object(CakeRequest))
#6 /usr/lib/cake/lib/Cake/Routing/Dispatcher.php(85): Dispatcher->_invoke(Object(PagesController), Object(CakeRequest), Object(CakeResponse))
#7 /vol/web/html/mobile/index.php(101): Dispatcher->dispatch(Object(CakeRequest), Object(CakeResponse))
#8 {main}
2012-03-21 12:00:31 Error: [MissingViewException] View file "/home/cake/mobile/View/Pages/campaigns_tab.html.ctp" is missing.
#0 /usr/lib/cake/lib/Cake/View/View.php(460): View->_getViewFileName('campaigns_tab.h...')
#1 /usr/lib/cake/lib/Cake/Controller/Controller.php(962): View->render('campaigns_tab.h...', NULL)
#2 /vol/home/cake/mobile/Controller/PagesController.php(71): Controller->render('campaigns_tab.h...')
#3 [internal function]: PagesController->display('campaigns_tab.h...')
#4 /usr/lib/cake/lib/Cake/Controller/Controller.php(488): ReflectionMethod->invokeArgs(Object(PagesController), Array)
#5 /usr/lib/cake/lib/Cake/Routing/Dispatcher.php(103): Controller->invokeAction(Object(CakeRequest))
#6 /usr/lib/cake/lib/Cake/Routing/Dispatcher.php(85): Dispatcher->_invoke(Object(PagesController), Object(CakeRequest), Object(CakeResponse))
#7 /vol/web/html/mobile/index.php(101): Dispatcher->dispatch(Object(CakeRequest), Object(CakeResponse))
#8 {main}
2012-03-21 12:00:33 Error: [MissingViewException] View file "/home/cake/mobile/View/Pages/campaigns_tab.html.ctp" is missing.
#0 /usr/lib/cake/lib/Cake/View/View.php(460): View->_getViewFileName('campaigns_tab.h...')
#1 /usr/lib/cake/lib/Cake/Controller/Controller.php(962): View->render('campaigns_tab.h...', NULL)
#2 /vol/home/cake/mobile/Controller/PagesController.php(71): Controller->render('campaigns_tab.h...')
#3 [internal function]: PagesController->display('campaigns_tab.h...')
#4 /usr/lib/cake/lib/Cake/Controller/Controller.php(488): ReflectionMethod->invokeArgs(Object(PagesController), Array)
#5 /usr/lib/cake/lib/Cake/Routing/Dispatcher.php(103): Controller->invokeAction(Object(CakeRequest))
#6 /usr/lib/cake/lib/Cake/Routing/Dispatcher.php(85): Dispatcher->_invoke(Object(PagesController), Object(CakeRequest), Object(CakeResponse))
#7 /vol/web/html/mobile/index.php(101): Dispatcher->dispatch(Object(CakeRequest), Object(CakeResponse))
#8 {main}
2012-03-21 12:03:16 Error: [MissingViewException] View file "/home/cake/mobile/View/Pages/campaigns_tab.html.ctp" is missing.
#0 /usr/lib/cake/lib/Cake/View/View.php(460): View->_getViewFileName('campaigns_tab.h...')
#1 /usr/lib/cake/lib/Cake/Controller/Controller.php(962): View->render('campaigns_tab.h...', NULL)
#2 /vol/home/cake/mobile/Controller/PagesController.php(71): Controller->render('campaigns_tab.h...')
#3 [internal function]: PagesController->display('campaigns_tab.h...')
#4 /usr/lib/cake/lib/Cake/Controller/Controller.php(488): ReflectionMethod->invokeArgs(Object(PagesController), Array)
#5 /usr/lib/cake/lib/Cake/Routing/Dispatcher.php(103): Controller->invokeAction(Object(CakeRequest))
#6 /usr/lib/cake/lib/Cake/Routing/Dispatcher.php(85): Dispatcher->_invoke(Object(PagesController), Object(CakeRequest), Object(CakeResponse))
#7 /vol/web/html/mobile/index.php(101): Dispatcher->dispatch(Object(CakeRequest), Object(CakeResponse))
#8 {main}
2012-03-21 12:03:48 Error: [MissingViewException] View file "/home/cake/mobile/View/Pages/campaigns_tab.html.ctp" is missing.
#0 /usr/lib/cake/lib/Cake/View/View.php(460): View->_getViewFileName('campaigns_tab.h...')
#1 /usr/lib/cake/lib/Cake/Controller/Controller.php(962): View->render('campaigns_tab.h...', NULL)
#2 /vol/home/cake/mobile/Controller/PagesController.php(71): Controller->render('campaigns_tab.h...')
#3 [internal function]: PagesController->display('campaigns_tab.h...')
#4 /usr/lib/cake/lib/Cake/Controller/Controller.php(488): ReflectionMethod->invokeArgs(Object(PagesController), Array)
#5 /usr/lib/cake/lib/Cake/Routing/Dispatcher.php(103): Controller->invokeAction(Object(CakeRequest))
#6 /usr/lib/cake/lib/Cake/Routing/Dispatcher.php(85): Dispatcher->_invoke(Object(PagesController), Object(CakeRequest), Object(CakeResponse))
#7 /vol/web/html/mobile/index.php(101): Dispatcher->dispatch(Object(CakeRequest), Object(CakeResponse))
#8 {main}
2012-03-21 13:20:46 Error: [MissingViewException] View file "/home/cake/mobile/View/Pages/images/graph.png.ctp" is missing.
#0 /usr/lib/cake/lib/Cake/View/View.php(460): View->_getViewFileName('images/graph.pn...')
#1 /usr/lib/cake/lib/Cake/Controller/Controller.php(962): View->render('images/graph.pn...', NULL)
#2 /vol/home/cake/mobile/Controller/PagesController.php(71): Controller->render('images/graph.pn...')
#3 [internal function]: PagesController->display('images', 'graph.png')
#4 /usr/lib/cake/lib/Cake/Controller/Controller.php(488): ReflectionMethod->invokeArgs(Object(PagesController), Array)
#5 /usr/lib/cake/lib/Cake/Routing/Dispatcher.php(103): Controller->invokeAction(Object(CakeRequest))
#6 /usr/lib/cake/lib/Cake/Routing/Dispatcher.php(85): Dispatcher->_invoke(Object(PagesController), Object(CakeRequest), Object(CakeResponse))
#7 /vol/web/html/mobile/index.php(101): Dispatcher->dispatch(Object(CakeRequest), Object(CakeResponse))
#8 {main}
2012-03-21 13:20:51 Error: [MissingViewException] View file "/home/cake/mobile/View/Pages/images/graph.png.ctp" is missing.
#0 /usr/lib/cake/lib/Cake/View/View.php(460): View->_getViewFileName('images/graph.pn...')
#1 /usr/lib/cake/lib/Cake/Controller/Controller.php(962): View->render('images/graph.pn...', NULL)
#2 /vol/home/cake/mobile/Controller/PagesController.php(71): Controller->render('images/graph.pn...')
#3 [internal function]: PagesController->display('images', 'graph.png')
#4 /usr/lib/cake/lib/Cake/Controller/Controller.php(488): ReflectionMethod->invokeArgs(Object(PagesController), Array)
#5 /usr/lib/cake/lib/Cake/Routing/Dispatcher.php(103): Controller->invokeAction(Object(CakeRequest))
#6 /usr/lib/cake/lib/Cake/Routing/Dispatcher.php(85): Dispatcher->_invoke(Object(PagesController), Object(CakeRequest), Object(CakeResponse))
#7 /vol/web/html/mobile/index.php(101): Dispatcher->dispatch(Object(CakeRequest), Object(CakeResponse))
#8 {main}
2012-03-21 13:26:18 Error: [MissingViewException] View file "/home/cake/mobile/View/Pages/images/graph.png.ctp" is missing.
#0 /usr/lib/cake/lib/Cake/View/View.php(460): View->_getViewFileName('images/graph.pn...')
#1 /usr/lib/cake/lib/Cake/Controller/Controller.php(962): View->render('images/graph.pn...', NULL)
#2 /vol/home/cake/mobile/Controller/PagesController.php(71): Controller->render('images/graph.pn...')
#3 [internal function]: PagesController->display('images', 'graph.png')
#4 /usr/lib/cake/lib/Cake/Controller/Controller.php(488): ReflectionMethod->invokeArgs(Object(PagesController), Array)
#5 /usr/lib/cake/lib/Cake/Routing/Dispatcher.php(103): Controller->invokeAction(Object(CakeRequest))
#6 /usr/lib/cake/lib/Cake/Routing/Dispatcher.php(85): Dispatcher->_invoke(Object(PagesController), Object(CakeRequest), Object(CakeResponse))
#7 /vol/web/html/mobile/index.php(101): Dispatcher->dispatch(Object(CakeRequest), Object(CakeResponse))
#8 {main}
2012-03-21 13:26:40 Error: [MissingViewException] View file "/home/cake/mobile/View/Pages/images/graph.png.ctp" is missing.
#0 /usr/lib/cake/lib/Cake/View/View.php(460): View->_getViewFileName('images/graph.pn...')
#1 /usr/lib/cake/lib/Cake/Controller/Controller.php(962): View->render('images/graph.pn...', NULL)
#2 /vol/home/cake/mobile/Controller/PagesController.php(71): Controller->render('images/graph.pn...')
#3 [internal function]: PagesController->display('images', 'graph.png')
#4 /usr/lib/cake/lib/Cake/Controller/Controller.php(488): ReflectionMethod->invokeArgs(Object(PagesController), Array)
#5 /usr/lib/cake/lib/Cake/Routing/Dispatcher.php(103): Controller->invokeAction(Object(CakeRequest))
#6 /usr/lib/cake/lib/Cake/Routing/Dispatcher.php(85): Dispatcher->_invoke(Object(PagesController), Object(CakeRequest), Object(CakeResponse))
#7 /vol/web/html/mobile/index.php(101): Dispatcher->dispatch(Object(CakeRequest), Object(CakeResponse))
#8 {main}
2012-03-21 13:28:42 Error: [MissingViewException] View file "/home/cake/mobile/View/Pages/images/graph.png.ctp" is missing.
#0 /usr/lib/cake/lib/Cake/View/View.php(460): View->_getViewFileName('images/graph.pn...')
#1 /usr/lib/cake/lib/Cake/Controller/Controller.php(962): View->render('images/graph.pn...', NULL)
#2 /vol/home/cake/mobile/Controller/PagesController.php(71): Controller->render('images/graph.pn...')
#3 [internal function]: PagesController->display('images', 'graph.png')
#4 /usr/lib/cake/lib/Cake/Controller/Controller.php(488): ReflectionMethod->invokeArgs(Object(PagesController), Array)
#5 /usr/lib/cake/lib/Cake/Routing/Dispatcher.php(103): Controller->invokeAction(Object(CakeRequest))
#6 /usr/lib/cake/lib/Cake/Routing/Dispatcher.php(85): Dispatcher->_invoke(Object(PagesController), Object(CakeRequest), Object(CakeResponse))
#7 /vol/web/html/mobile/index.php(101): Dispatcher->dispatch(Object(CakeRequest), Object(CakeResponse))
#8 {main}
2012-03-21 13:28:47 Error: [MissingViewException] View file "/home/cake/mobile/View/Pages/images/graph.png.ctp" is missing.
#0 /usr/lib/cake/lib/Cake/View/View.php(460): View->_getViewFileName('images/graph.pn...')
#1 /usr/lib/cake/lib/Cake/Controller/Controller.php(962): View->render('images/graph.pn...', NULL)
#2 /vol/home/cake/mobile/Controller/PagesController.php(71): Controller->render('images/graph.pn...')
#3 [internal function]: PagesController->display('images', 'graph.png')
#4 /usr/lib/cake/lib/Cake/Controller/Controller.php(488): ReflectionMethod->invokeArgs(Object(PagesController), Array)
#5 /usr/lib/cake/lib/Cake/Routing/Dispatcher.php(103): Controller->invokeAction(Object(CakeRequest))
#6 /usr/lib/cake/lib/Cake/Routing/Dispatcher.php(85): Dispatcher->_invoke(Object(PagesController), Object(CakeRequest), Object(CakeResponse))
#7 /vol/web/html/mobile/index.php(101): Dispatcher->dispatch(Object(CakeRequest), Object(CakeResponse))
#8 {main}
2012-03-21 13:30:22 Error: [MissingViewException] View file "/home/cake/mobile/View/Pages/images/graph.png.ctp" is missing.
#0 /usr/lib/cake/lib/Cake/View/View.php(460): View->_getViewFileName('images/graph.pn...')
#1 /usr/lib/cake/lib/Cake/Controller/Controller.php(962): View->render('images/graph.pn...', NULL)
#2 /vol/home/cake/mobile/Controller/PagesController.php(71): Controller->render('images/graph.pn...')
#3 [internal function]: PagesController->display('images', 'graph.png')
#4 /usr/lib/cake/lib/Cake/Controller/Controller.php(488): ReflectionMethod->invokeArgs(Object(PagesController), Array)
#5 /usr/lib/cake/lib/Cake/Routing/Dispatcher.php(103): Controller->invokeAction(Object(CakeRequest))
#6 /usr/lib/cake/lib/Cake/Routing/Dispatcher.php(85): Dispatcher->_invoke(Object(PagesController), Object(CakeRequest), Object(CakeResponse))
#7 /vol/web/html/mobile/index.php(101): Dispatcher->dispatch(Object(CakeRequest), Object(CakeResponse))
#8 {main}
2012-03-21 13:30:28 Error: [MissingViewException] View file "/home/cake/mobile/View/Pages/images/graph.png.ctp" is missing.
#0 /usr/lib/cake/lib/Cake/View/View.php(460): View->_getViewFileName('images/graph.pn...')
#1 /usr/lib/cake/lib/Cake/Controller/Controller.php(962): View->render('images/graph.pn...', NULL)
#2 /vol/home/cake/mobile/Controller/PagesController.php(71): Controller->render('images/graph.pn...')
#3 [internal function]: PagesController->display('images', 'graph.png')
#4 /usr/lib/cake/lib/Cake/Controller/Controller.php(488): ReflectionMethod->invokeArgs(Object(PagesController), Array)
#5 /usr/lib/cake/lib/Cake/Routing/Dispatcher.php(103): Controller->invokeAction(Object(CakeRequest))
#6 /usr/lib/cake/lib/Cake/Routing/Dispatcher.php(85): Dispatcher->_invoke(Object(PagesController), Object(CakeRequest), Object(CakeResponse))
#7 /vol/web/html/mobile/index.php(101): Dispatcher->dispatch(Object(CakeRequest), Object(CakeResponse))
#8 {main}
2012-03-21 13:32:33 Error: [MissingViewException] View file "/home/cake/mobile/View/Pages/images/graph.png.ctp" is missing.
#0 /usr/lib/cake/lib/Cake/View/View.php(460): View->_getViewFileName('images/graph.pn...')
#1 /usr/lib/cake/lib/Cake/Controller/Controller.php(962): View->render('images/graph.pn...', NULL)
#2 /vol/home/cake/mobile/Controller/PagesController.php(71): Controller->render('images/graph.pn...')
#3 [internal function]: PagesController->display('images', 'graph.png')
#4 /usr/lib/cake/lib/Cake/Controller/Controller.php(488): ReflectionMethod->invokeArgs(Object(PagesController), Array)
#5 /usr/lib/cake/lib/Cake/Routing/Dispatcher.php(103): Controller->invokeAction(Object(CakeRequest))
#6 /usr/lib/cake/lib/Cake/Routing/Dispatcher.php(85): Dispatcher->_invoke(Object(PagesController), Object(CakeRequest), Object(CakeResponse))
#7 /vol/web/html/mobile/index.php(101): Dispatcher->dispatch(Object(CakeRequest), Object(CakeResponse))
#8 {main}
2012-03-21 13:32:34 Error: [MissingViewException] View file "/home/cake/mobile/View/Pages/images/graph.png.ctp" is missing.
#0 /usr/lib/cake/lib/Cake/View/View.php(460): View->_getViewFileName('images/graph.pn...')
#1 /usr/lib/cake/lib/Cake/Controller/Controller.php(962): View->render('images/graph.pn...', NULL)
#2 /vol/home/cake/mobile/Controller/PagesController.php(71): Controller->render('images/graph.pn...')
#3 [internal function]: PagesController->display('images', 'graph.png')
#4 /usr/lib/cake/lib/Cake/Controller/Controller.php(488): ReflectionMethod->invokeArgs(Object(PagesController), Array)
#5 /usr/lib/cake/lib/Cake/Routing/Dispatcher.php(103): Controller->invokeAction(Object(CakeRequest))
#6 /usr/lib/cake/lib/Cake/Routing/Dispatcher.php(85): Dispatcher->_invoke(Object(PagesController), Object(CakeRequest), Object(CakeResponse))
#7 /vol/web/html/mobile/index.php(101): Dispatcher->dispatch(Object(CakeRequest), Object(CakeResponse))
#8 {main}
2012-03-21 13:34:16 Error: [MissingViewException] View file "/home/cake/mobile/View/Pages/images/graph.png.ctp" is missing.
#0 /usr/lib/cake/lib/Cake/View/View.php(460): View->_getViewFileName('images/graph.pn...')
#1 /usr/lib/cake/lib/Cake/Controller/Controller.php(962): View->render('images/graph.pn...', NULL)
#2 /vol/home/cake/mobile/Controller/PagesController.php(71): Controller->render('images/graph.pn...')
#3 [internal function]: PagesController->display('images', 'graph.png')
#4 /usr/lib/cake/lib/Cake/Controller/Controller.php(488): ReflectionMethod->invokeArgs(Object(PagesController), Array)
#5 /usr/lib/cake/lib/Cake/Routing/Dispatcher.php(103): Controller->invokeAction(Object(CakeRequest))
#6 /usr/lib/cake/lib/Cake/Routing/Dispatcher.php(85): Dispatcher->_invoke(Object(PagesController), Object(CakeRequest), Object(CakeResponse))
#7 /vol/web/html/mobile/index.php(101): Dispatcher->dispatch(Object(CakeRequest), Object(CakeResponse))
#8 {main}
2012-03-21 13:35:32 Error: [MissingViewException] View file "/home/cake/mobile/View/Pages/images/graph.png.ctp" is missing.
#0 /usr/lib/cake/lib/Cake/View/View.php(460): View->_getViewFileName('images/graph.pn...')
#1 /usr/lib/cake/lib/Cake/Controller/Controller.php(962): View->render('images/graph.pn...', NULL)
#2 /vol/home/cake/mobile/Controller/PagesController.php(71): Controller->render('images/graph.pn...')
#3 [internal function]: PagesController->display('images', 'graph.png')
#4 /usr/lib/cake/lib/Cake/Controller/Controller.php(488): ReflectionMethod->invokeArgs(Object(PagesController), Array)
#5 /usr/lib/cake/lib/Cake/Routing/Dispatcher.php(103): Controller->invokeAction(Object(CakeRequest))
#6 /usr/lib/cake/lib/Cake/Routing/Dispatcher.php(85): Dispatcher->_invoke(Object(PagesController), Object(CakeRequest), Object(CakeResponse))
#7 /vol/web/html/mobile/index.php(101): Dispatcher->dispatch(Object(CakeRequest), Object(CakeResponse))
#8 {main}
2012-03-21 13:38:07 Error: [MissingViewException] View file "/home/cake/mobile/View/Pages/images/graph.png.ctp" is missing.
#0 /usr/lib/cake/lib/Cake/View/View.php(460): View->_getViewFileName('images/graph.pn...')
#1 /usr/lib/cake/lib/Cake/Controller/Controller.php(962): View->render('images/graph.pn...', NULL)
#2 /vol/home/cake/mobile/Controller/PagesController.php(71): Controller->render('images/graph.pn...')
#3 [internal function]: PagesController->display('images', 'graph.png')
#4 /usr/lib/cake/lib/Cake/Controller/Controller.php(488): ReflectionMethod->invokeArgs(Object(PagesController), Array)
#5 /usr/lib/cake/lib/Cake/Routing/Dispatcher.php(103): Controller->invokeAction(Object(CakeRequest))
#6 /usr/lib/cake/lib/Cake/Routing/Dispatcher.php(85): Dispatcher->_invoke(Object(PagesController), Object(CakeRequest), Object(CakeResponse))
#7 /vol/web/html/mobile/index.php(101): Dispatcher->dispatch(Object(CakeRequest), Object(CakeResponse))
#8 {main}
2012-03-21 13:38:21 Error: [MissingViewException] View file "/home/cake/mobile/View/Pages/images/graph.png.ctp" is missing.
#0 /usr/lib/cake/lib/Cake/View/View.php(460): View->_getViewFileName('images/graph.pn...')
#1 /usr/lib/cake/lib/Cake/Controller/Controller.php(962): View->render('images/graph.pn...', NULL)
#2 /vol/home/cake/mobile/Controller/PagesController.php(71): Controller->render('images/graph.pn...')
#3 [internal function]: PagesController->display('images', 'graph.png')
#4 /usr/lib/cake/lib/Cake/Controller/Controller.php(488): ReflectionMethod->invokeArgs(Object(PagesController), Array)
#5 /usr/lib/cake/lib/Cake/Routing/Dispatcher.php(103): Controller->invokeAction(Object(CakeRequest))
#6 /usr/lib/cake/lib/Cake/Routing/Dispatcher.php(85): Dispatcher->_invoke(Object(PagesController), Object(CakeRequest), Object(CakeResponse))
#7 /vol/web/html/mobile/index.php(101): Dispatcher->dispatch(Object(CakeRequest), Object(CakeResponse))
#8 {main}
2012-03-21 13:40:24 Error: [MissingViewException] View file "/home/cake/mobile/View/Pages/images/graph.png.ctp" is missing.
#0 /usr/lib/cake/lib/Cake/View/View.php(460): View->_getViewFileName('images/graph.pn...')
#1 /usr/lib/cake/lib/Cake/Controller/Controller.php(962): View->render('images/graph.pn...', NULL)
#2 /vol/home/cake/mobile/Controller/PagesController.php(71): Controller->render('images/graph.pn...')
#3 [internal function]: PagesController->display('images', 'graph.png')
#4 /usr/lib/cake/lib/Cake/Controller/Controller.php(488): ReflectionMethod->invokeArgs(Object(PagesController), Array)
#5 /usr/lib/cake/lib/Cake/Routing/Dispatcher.php(103): Controller->invokeAction(Object(CakeRequest))
#6 /usr/lib/cake/lib/Cake/Routing/Dispatcher.php(85): Dispatcher->_invoke(Object(PagesController), Object(CakeRequest), Object(CakeResponse))
#7 /vol/web/html/mobile/index.php(101): Dispatcher->dispatch(Object(CakeRequest), Object(CakeResponse))
#8 {main}
2012-03-21 13:40:31 Error: [MissingViewException] View file "/home/cake/mobile/View/Pages/images/graph.png.ctp" is missing.
#0 /usr/lib/cake/lib/Cake/View/View.php(460): View->_getViewFileName('images/graph.pn...')
#1 /usr/lib/cake/lib/Cake/Controller/Controller.php(962): View->render('images/graph.pn...', NULL)
#2 /vol/home/cake/mobile/Controller/PagesController.php(71): Controller->render('images/graph.pn...')
#3 [internal function]: PagesController->display('images', 'graph.png')
#4 /usr/lib/cake/lib/Cake/Controller/Controller.php(488): ReflectionMethod->invokeArgs(Object(PagesController), Array)
#5 /usr/lib/cake/lib/Cake/Routing/Dispatcher.php(103): Controller->invokeAction(Object(CakeRequest))
#6 /usr/lib/cake/lib/Cake/Routing/Dispatcher.php(85): Dispatcher->_invoke(Object(PagesController), Object(CakeRequest), Object(CakeResponse))
#7 /vol/web/html/mobile/index.php(101): Dispatcher->dispatch(Object(CakeRequest), Object(CakeResponse))
#8 {main}
2012-03-21 13:43:21 Error: [MissingViewException] View file "/home/cake/mobile/View/Pages/images/graph.png.ctp" is missing.
#0 /usr/lib/cake/lib/Cake/View/View.php(460): View->_getViewFileName('images/graph.pn...')
#1 /usr/lib/cake/lib/Cake/Controller/Controller.php(962): View->render('images/graph.pn...', NULL)
#2 /vol/home/cake/mobile/Controller/PagesController.php(71): Controller->render('images/graph.pn...')
#3 [internal function]: PagesController->display('images', 'graph.png')
#4 /usr/lib/cake/lib/Cake/Controller/Controller.php(488): ReflectionMethod->invokeArgs(Object(PagesController), Array)
#5 /usr/lib/cake/lib/Cake/Routing/Dispatcher.php(103): Controller->invokeAction(Object(CakeRequest))
#6 /usr/lib/cake/lib/Cake/Routing/Dispatcher.php(85): Dispatcher->_invoke(Object(PagesController), Object(CakeRequest), Object(CakeResponse))
#7 /vol/web/html/mobile/index.php(101): Dispatcher->dispatch(Object(CakeRequest), Object(CakeResponse))
#8 {main}
2012-03-21 13:43:39 Error: [MissingViewException] View file "/home/cake/mobile/View/Pages/images/graph.png.ctp" is missing.
#0 /usr/lib/cake/lib/Cake/View/View.php(460): View->_getViewFileName('images/graph.pn...')
#1 /usr/lib/cake/lib/Cake/Controller/Controller.php(962): View->render('images/graph.pn...', NULL)
#2 /vol/home/cake/mobile/Controller/PagesController.php(71): Controller->render('images/graph.pn...')
#3 [internal function]: PagesController->display('images', 'graph.png')
#4 /usr/lib/cake/lib/Cake/Controller/Controller.php(488): ReflectionMethod->invokeArgs(Object(PagesController), Array)
#5 /usr/lib/cake/lib/Cake/Routing/Dispatcher.php(103): Controller->invokeAction(Object(CakeRequest))
#6 /usr/lib/cake/lib/Cake/Routing/Dispatcher.php(85): Dispatcher->_invoke(Object(PagesController), Object(CakeRequest), Object(CakeResponse))
#7 /vol/web/html/mobile/index.php(101): Dispatcher->dispatch(Object(CakeRequest), Object(CakeResponse))
#8 {main}
2012-03-21 13:43:57 Error: [MissingViewException] View file "/home/cake/mobile/View/Pages/images/graph.png.ctp" is missing.
#0 /usr/lib/cake/lib/Cake/View/View.php(460): View->_getViewFileName('images/graph.pn...')
#1 /usr/lib/cake/lib/Cake/Controller/Controller.php(962): View->render('images/graph.pn...', NULL)
#2 /vol/home/cake/mobile/Controller/PagesController.php(71): Controller->render('images/graph.pn...')
#3 [internal function]: PagesController->display('images', 'graph.png')
#4 /usr/lib/cake/lib/Cake/Controller/Controller.php(488): ReflectionMethod->invokeArgs(Object(PagesController), Array)
#5 /usr/lib/cake/lib/Cake/Routing/Dispatcher.php(103): Controller->invokeAction(Object(CakeRequest))
#6 /usr/lib/cake/lib/Cake/Routing/Dispatcher.php(85): Dispatcher->_invoke(Object(PagesController), Object(CakeRequest), Object(CakeResponse))
#7 /vol/web/html/mobile/index.php(101): Dispatcher->dispatch(Object(CakeRequest), Object(CakeResponse))
#8 {main}
2012-03-21 13:43:57 Error: [MissingViewException] View file "/home/cake/mobile/View/Pages/images/graph.png.ctp" is missing.
#0 /usr/lib/cake/lib/Cake/View/View.php(460): View->_getViewFileName('images/graph.pn...')
#1 /usr/lib/cake/lib/Cake/Controller/Controller.php(962): View->render('images/graph.pn...', NULL)
#2 /vol/home/cake/mobile/Controller/PagesController.php(71): Controller->render('images/graph.pn...')
#3 [internal function]: PagesController->display('images', 'graph.png')
#4 /usr/lib/cake/lib/Cake/Controller/Controller.php(488): ReflectionMethod->invokeArgs(Object(PagesController), Array)
#5 /usr/lib/cake/lib/Cake/Routing/Dispatcher.php(103): Controller->invokeAction(Object(CakeRequest))
#6 /usr/lib/cake/lib/Cake/Routing/Dispatcher.php(85): Dispatcher->_invoke(Object(PagesController), Object(CakeRequest), Object(CakeResponse))
#7 /vol/web/html/mobile/index.php(101): Dispatcher->dispatch(Object(CakeRequest), Object(CakeResponse))
#8 {main}
2012-03-21 13:46:03 Error: [MissingViewException] View file "/home/cake/mobile/View/Pages/images/graph.png.ctp" is missing.
#0 /usr/lib/cake/lib/Cake/View/View.php(460): View->_getViewFileName('images/graph.pn...')
#1 /usr/lib/cake/lib/Cake/Controller/Controller.php(962): View->render('images/graph.pn...', NULL)
#2 /vol/home/cake/mobile/Controller/PagesController.php(71): Controller->render('images/graph.pn...')
#3 [internal function]: PagesController->display('images', 'graph.png')
#4 /usr/lib/cake/lib/Cake/Controller/Controller.php(488): ReflectionMethod->invokeArgs(Object(PagesController), Array)
#5 /usr/lib/cake/lib/Cake/Routing/Dispatcher.php(103): Controller->invokeAction(Object(CakeRequest))
#6 /usr/lib/cake/lib/Cake/Routing/Dispatcher.php(85): Dispatcher->_invoke(Object(PagesController), Object(CakeRequest), Object(CakeResponse))
#7 /vol/web/html/mobile/index.php(101): Dispatcher->dispatch(Object(CakeRequest), Object(CakeResponse))
#8 {main}
2012-03-21 13:48:32 Error: [MissingViewException] View file "/home/cake/mobile/View/Pages/images/graph.png.ctp" is missing.
#0 /usr/lib/cake/lib/Cake/View/View.php(460): View->_getViewFileName('images/graph.pn...')
#1 /usr/lib/cake/lib/Cake/Controller/Controller.php(962): View->render('images/graph.pn...', NULL)
#2 /vol/home/cake/mobile/Controller/PagesController.php(71): Controller->render('images/graph.pn...')
#3 [internal function]: PagesController->display('images', 'graph.png')
#4 /usr/lib/cake/lib/Cake/Controller/Controller.php(488): ReflectionMethod->invokeArgs(Object(PagesController), Array)
#5 /usr/lib/cake/lib/Cake/Routing/Dispatcher.php(103): Controller->invokeAction(Object(CakeRequest))
#6 /usr/lib/cake/lib/Cake/Routing/Dispatcher.php(85): Dispatcher->_invoke(Object(PagesController), Object(CakeRequest), Object(CakeResponse))
#7 /vol/web/html/mobile/index.php(101): Dispatcher->dispatch(Object(CakeRequest), Object(CakeResponse))
#8 {main}
2012-03-21 13:48:52 Error: [MissingViewException] View file "/home/cake/mobile/View/Pages/images/graph.png.ctp" is missing.
#0 /usr/lib/cake/lib/Cake/View/View.php(460): View->_getViewFileName('images/graph.pn...')
#1 /usr/lib/cake/lib/Cake/Controller/Controller.php(962): View->render('images/graph.pn...', NULL)
#2 /vol/home/cake/mobile/Controller/PagesController.php(71): Controller->render('images/graph.pn...')
#3 [internal function]: PagesController->display('images', 'graph.png')
#4 /usr/lib/cake/lib/Cake/Controller/Controller.php(488): ReflectionMethod->invokeArgs(Object(PagesController), Array)
#5 /usr/lib/cake/lib/Cake/Routing/Dispatcher.php(103): Controller->invokeAction(Object(CakeRequest))
#6 /usr/lib/cake/lib/Cake/Routing/Dispatcher.php(85): Dispatcher->_invoke(Object(PagesController), Object(CakeRequest), Object(CakeResponse))
#7 /vol/web/html/mobile/index.php(101): Dispatcher->dispatch(Object(CakeRequest), Object(CakeResponse))
#8 {main}
2012-03-21 13:49:51 Error: [MissingViewException] View file "/home/cake/mobile/View/Pages/images/graph.png.ctp" is missing.
#0 /usr/lib/cake/lib/Cake/View/View.php(460): View->_getViewFileName('images/graph.pn...')
#1 /usr/lib/cake/lib/Cake/Controller/Controller.php(962): View->render('images/graph.pn...', NULL)
#2 /vol/home/cake/mobile/Controller/PagesController.php(71): Controller->render('images/graph.pn...')
#3 [internal function]: PagesController->display('images', 'graph.png')
#4 /usr/lib/cake/lib/Cake/Controller/Controller.php(488): ReflectionMethod->invokeArgs(Object(PagesController), Array)
#5 /usr/lib/cake/lib/Cake/Routing/Dispatcher.php(103): Controller->invokeAction(Object(CakeRequest))
#6 /usr/lib/cake/lib/Cake/Routing/Dispatcher.php(85): Dispatcher->_invoke(Object(PagesController), Object(CakeRequest), Object(CakeResponse))
#7 /vol/web/html/mobile/index.php(101): Dispatcher->dispatch(Object(CakeRequest), Object(CakeResponse))
#8 {main}
2012-03-21 13:50:20 Error: [MissingViewException] View file "/home/cake/mobile/View/Pages/images/graph.png.ctp" is missing.
#0 /usr/lib/cake/lib/Cake/View/View.php(460): View->_getViewFileName('images/graph.pn...')
#1 /usr/lib/cake/lib/Cake/Controller/Controller.php(962): View->render('images/graph.pn...', NULL)
#2 /vol/home/cake/mobile/Controller/PagesController.php(71): Controller->render('images/graph.pn...')
#3 [internal function]: PagesController->display('images', 'graph.png')
#4 /usr/lib/cake/lib/Cake/Controller/Controller.php(488): ReflectionMethod->invokeArgs(Object(PagesController), Array)
#5 /usr/lib/cake/lib/Cake/Routing/Dispatcher.php(103): Controller->invokeAction(Object(CakeRequest))
#6 /usr/lib/cake/lib/Cake/Routing/Dispatcher.php(85): Dispatcher->_invoke(Object(PagesController), Object(CakeRequest), Object(CakeResponse))
#7 /vol/web/html/mobile/index.php(101): Dispatcher->dispatch(Object(CakeRequest), Object(CakeResponse))
#8 {main}
2012-03-21 13:50:27 Error: [MissingViewException] View file "/home/cake/mobile/View/Pages/images/graph.png.ctp" is missing.
#0 /usr/lib/cake/lib/Cake/View/View.php(460): View->_getViewFileName('images/graph.pn...')
#1 /usr/lib/cake/lib/Cake/Controller/Controller.php(962): View->render('images/graph.pn...', NULL)
#2 /vol/home/cake/mobile/Controller/PagesController.php(71): Controller->render('images/graph.pn...')
#3 [internal function]: PagesController->display('images', 'graph.png')
#4 /usr/lib/cake/lib/Cake/Controller/Controller.php(488): ReflectionMethod->invokeArgs(Object(PagesController), Array)
#5 /usr/lib/cake/lib/Cake/Routing/Dispatcher.php(103): Controller->invokeAction(Object(CakeRequest))
#6 /usr/lib/cake/lib/Cake/Routing/Dispatcher.php(85): Dispatcher->_invoke(Object(PagesController), Object(CakeRequest), Object(CakeResponse))
#7 /vol/web/html/mobile/index.php(101): Dispatcher->dispatch(Object(CakeRequest), Object(CakeResponse))
#8 {main}
2012-03-21 13:51:20 Error: [MissingViewException] View file "/home/cake/mobile/View/Pages/images/graph.png.ctp" is missing.
#0 /usr/lib/cake/lib/Cake/View/View.php(460): View->_getViewFileName('images/graph.pn...')
#1 /usr/lib/cake/lib/Cake/Controller/Controller.php(962): View->render('images/graph.pn...', NULL)
#2 /vol/home/cake/mobile/Controller/PagesController.php(71): Controller->render('images/graph.pn...')
#3 [internal function]: PagesController->display('images', 'graph.png')
#4 /usr/lib/cake/lib/Cake/Controller/Controller.php(488): ReflectionMethod->invokeArgs(Object(PagesController), Array)
#5 /usr/lib/cake/lib/Cake/Routing/Dispatcher.php(103): Controller->invokeAction(Object(CakeRequest))
#6 /usr/lib/cake/lib/Cake/Routing/Dispatcher.php(85): Dispatcher->_invoke(Object(PagesController), Object(CakeRequest), Object(CakeResponse))
#7 /vol/web/html/mobile/index.php(101): Dispatcher->dispatch(Object(CakeRequest), Object(CakeResponse))
#8 {main}
2012-03-21 13:51:47 Error: [MissingViewException] View file "/home/cake/mobile/View/Pages/images/graph.png.ctp" is missing.
#0 /usr/lib/cake/lib/Cake/View/View.php(460): View->_getViewFileName('images/graph.pn...')
#1 /usr/lib/cake/lib/Cake/Controller/Controller.php(962): View->render('images/graph.pn...', NULL)
#2 /vol/home/cake/mobile/Controller/PagesController.php(71): Controller->render('images/graph.pn...')
#3 [internal function]: PagesController->display('images', 'graph.png')
#4 /usr/lib/cake/lib/Cake/Controller/Controller.php(488): ReflectionMethod->invokeArgs(Object(PagesController), Array)
#5 /usr/lib/cake/lib/Cake/Routing/Dispatcher.php(103): Controller->invokeAction(Object(CakeRequest))
#6 /usr/lib/cake/lib/Cake/Routing/Dispatcher.php(85): Dispatcher->_invoke(Object(PagesController), Object(CakeRequest), Object(CakeResponse))
#7 /vol/web/html/mobile/index.php(101): Dispatcher->dispatch(Object(CakeRequest), Object(CakeResponse))
#8 {main}
2012-03-21 13:51:52 Error: [MissingViewException] View file "/home/cake/mobile/View/Pages/images/graph.png.ctp" is missing.
#0 /usr/lib/cake/lib/Cake/View/View.php(460): View->_getViewFileName('images/graph.pn...')
#1 /usr/lib/cake/lib/Cake/Controller/Controller.php(962): View->render('images/graph.pn...', NULL)
#2 /vol/home/cake/mobile/Controller/PagesController.php(71): Controller->render('images/graph.pn...')
#3 [internal function]: PagesController->display('images', 'graph.png')
#4 /usr/lib/cake/lib/Cake/Controller/Controller.php(488): ReflectionMethod->invokeArgs(Object(PagesController), Array)
#5 /usr/lib/cake/lib/Cake/Routing/Dispatcher.php(103): Controller->invokeAction(Object(CakeRequest))
#6 /usr/lib/cake/lib/Cake/Routing/Dispatcher.php(85): Dispatcher->_invoke(Object(PagesController), Object(CakeRequest), Object(CakeResponse))
#7 /vol/web/html/mobile/index.php(101): Dispatcher->dispatch(Object(CakeRequest), Object(CakeResponse))
#8 {main}
2012-03-21 13:52:04 Error: [MissingViewException] View file "/home/cake/mobile/View/Pages/images/graph.png.ctp" is missing.
#0 /usr/lib/cake/lib/Cake/View/View.php(460): View->_getViewFileName('images/graph.pn...')
#1 /usr/lib/cake/lib/Cake/Controller/Controller.php(962): View->render('images/graph.pn...', NULL)
#2 /vol/home/cake/mobile/Controller/PagesController.php(71): Controller->render('images/graph.pn...')
#3 [internal function]: PagesController->display('images', 'graph.png')
#4 /usr/lib/cake/lib/Cake/Controller/Controller.php(488): ReflectionMethod->invokeArgs(Object(PagesController), Array)
#5 /usr/lib/cake/lib/Cake/Routing/Dispatcher.php(103): Controller->invokeAction(Object(CakeRequest))
#6 /usr/lib/cake/lib/Cake/Routing/Dispatcher.php(85): Dispatcher->_invoke(Object(PagesController), Object(CakeRequest), Object(CakeResponse))
#7 /vol/web/html/mobile/index.php(101): Dispatcher->dispatch(Object(CakeRequest), Object(CakeResponse))
#8 {main}
2012-03-21 13:52:20 Error: [MissingViewException] View file "/home/cake/mobile/View/Pages/images/graph.png.ctp" is missing.
#0 /usr/lib/cake/lib/Cake/View/View.php(460): View->_getViewFileName('images/graph.pn...')
#1 /usr/lib/cake/lib/Cake/Controller/Controller.php(962): View->render('images/graph.pn...', NULL)
#2 /vol/home/cake/mobile/Controller/PagesController.php(71): Controller->render('images/graph.pn...')
#3 [internal function]: PagesController->display('images', 'graph.png')
#4 /usr/lib/cake/lib/Cake/Controller/Controller.php(488): ReflectionMethod->invokeArgs(Object(PagesController), Array)
#5 /usr/lib/cake/lib/Cake/Routing/Dispatcher.php(103): Controller->invokeAction(Object(CakeRequest))
#6 /usr/lib/cake/lib/Cake/Routing/Dispatcher.php(85): Dispatcher->_invoke(Object(PagesController), Object(CakeRequest), Object(CakeResponse))
#7 /vol/web/html/mobile/index.php(101): Dispatcher->dispatch(Object(CakeRequest), Object(CakeResponse))
#8 {main}
2012-03-21 14:05:22 Error: [MissingControllerException] Controller class CssController could not be found.
#0 /vol/web/html/mobile/index.php(101): Dispatcher->dispatch(Object(CakeRequest), Object(CakeResponse))
#1 {main}
2012-03-21 14:05:52 Error: [MissingControllerException] Controller class CssController could not be found.
#0 /vol/web/html/mobile/index.php(101): Dispatcher->dispatch(Object(CakeRequest), Object(CakeResponse))
#1 {main}
2012-03-21 14:06:22 Error: [MissingControllerException] Controller class CssController could not be found.
#0 /vol/web/html/mobile/index.php(101): Dispatcher->dispatch(Object(CakeRequest), Object(CakeResponse))
#1 {main}
2012-03-21 14:06:52 Error: [MissingControllerException] Controller class CssController could not be found.
#0 /vol/web/html/mobile/index.php(101): Dispatcher->dispatch(Object(CakeRequest), Object(CakeResponse))
#1 {main}
2012-03-21 14:07:22 Error: [MissingControllerException] Controller class CssController could not be found.
#0 /vol/web/html/mobile/index.php(101): Dispatcher->dispatch(Object(CakeRequest), Object(CakeResponse))
#1 {main}
2012-03-21 14:07:52 Error: [MissingControllerException] Controller class CssController could not be found.
#0 /vol/web/html/mobile/index.php(101): Dispatcher->dispatch(Object(CakeRequest), Object(CakeResponse))
#1 {main}
2012-03-21 14:10:05 Error: [MissingControllerException] Controller class CssController could not be found.
#0 /vol/web/html/mobile/index.php(101): Dispatcher->dispatch(Object(CakeRequest), Object(CakeResponse))
#1 {main}
2012-03-21 14:10:35 Error: [MissingControllerException] Controller class CssController could not be found.
#0 /vol/web/html/mobile/index.php(101): Dispatcher->dispatch(Object(CakeRequest), Object(CakeResponse))
#1 {main}
2012-03-21 14:10:36 Error: [MissingControllerException] Controller class CssController could not be found.
#0 /vol/web/html/mobile/index.php(101): Dispatcher->dispatch(Object(CakeRequest), Object(CakeResponse))
#1 {main}
2012-03-21 14:11:06 Error: [MissingControllerException] Controller class CssController could not be found.
#0 /vol/web/html/mobile/index.php(101): Dispatcher->dispatch(Object(CakeRequest), Object(CakeResponse))
#1 {main}
2012-03-21 14:11:36 Error: [MissingControllerException] Controller class CssController could not be found.
#0 /vol/web/html/mobile/index.php(101): Dispatcher->dispatch(Object(CakeRequest), Object(CakeResponse))
#1 {main}
2012-03-21 14:11:36 Error: [MissingControllerException] Controller class CssController could not be found.
#0 /vol/web/html/mobile/index.php(101): Dispatcher->dispatch(Object(CakeRequest), Object(CakeResponse))
#1 {main}
2012-03-21 14:11:36 Error: [MissingControllerException] Controller class CssController could not be found.
#0 /vol/web/html/mobile/index.php(101): Dispatcher->dispatch(Object(CakeRequest), Object(CakeResponse))
#1 {main}
2012-03-21 14:12:06 Error: [MissingControllerException] Controller class CssController could not be found.
#0 /vol/web/html/mobile/index.php(101): Dispatcher->dispatch(Object(CakeRequest), Object(CakeResponse))
#1 {main}
2012-03-21 14:12:36 Error: [MissingControllerException] Controller class CssController could not be found.
#0 /vol/web/html/mobile/index.php(101): Dispatcher->dispatch(Object(CakeRequest), Object(CakeResponse))
#1 {main}
2012-03-21 14:13:06 Error: [MissingControllerException] Controller class CssController could not be found.
#0 /vol/web/html/mobile/index.php(101): Dispatcher->dispatch(Object(CakeRequest), Object(CakeResponse))
#1 {main}
2012-03-21 14:13:11 Error: [MissingControllerException] Controller class CssController could not be found.
#0 /vol/web/html/mobile/index.php(101): Dispatcher->dispatch(Object(CakeRequest), Object(CakeResponse))
#1 {main}
2012-03-21 14:13:41 Error: [MissingControllerException] Controller class CssController could not be found.
#0 /vol/web/html/mobile/index.php(101): Dispatcher->dispatch(Object(CakeRequest), Object(CakeResponse))
#1 {main}
2012-03-21 14:13:43 Error: [MissingControllerException] Controller class CssController could not be found.
#0 /vol/web/html/mobile/index.php(101): Dispatcher->dispatch(Object(CakeRequest), Object(CakeResponse))
#1 {main}
2012-03-21 14:13:43 Error: [MissingControllerException] Controller class CssController could not be found.
#0 /vol/web/html/mobile/index.php(101): Dispatcher->dispatch(Object(CakeRequest), Object(CakeResponse))
#1 {main}
2012-03-21 14:13:43 Error: [MissingControllerException] Controller class CssController could not be found.
#0 /vol/web/html/mobile/index.php(101): Dispatcher->dispatch(Object(CakeRequest), Object(CakeResponse))
#1 {main}
2012-03-21 14:14:13 Error: [MissingControllerException] Controller class CssController could not be found.
#0 /vol/web/html/mobile/index.php(101): Dispatcher->dispatch(Object(CakeRequest), Object(CakeResponse))
#1 {main}
2012-03-21 14:14:43 Error: [MissingControllerException] Controller class CssController could not be found.
#0 /vol/web/html/mobile/index.php(101): Dispatcher->dispatch(Object(CakeRequest), Object(CakeResponse))
#1 {main}
2012-03-21 14:15:13 Error: [MissingControllerException] Controller class CssController could not be found.
#0 /vol/web/html/mobile/index.php(101): Dispatcher->dispatch(Object(CakeRequest), Object(CakeResponse))
#1 {main}
2012-03-21 14:15:17 Error: [MissingControllerException] Controller class CssController could not be found.
#0 /vol/web/html/mobile/index.php(101): Dispatcher->dispatch(Object(CakeRequest), Object(CakeResponse))
#1 {main}
2012-03-21 14:15:17 Error: [MissingControllerException] Controller class CssController could not be found.
#0 /vol/web/html/mobile/index.php(101): Dispatcher->dispatch(Object(CakeRequest), Object(CakeResponse))
#1 {main}
2012-03-21 14:15:47 Error: [MissingControllerException] Controller class CssController could not be found.
#0 /vol/web/html/mobile/index.php(101): Dispatcher->dispatch(Object(CakeRequest), Object(CakeResponse))
#1 {main}
2012-03-21 14:16:17 Error: [MissingControllerException] Controller class CssController could not be found.
#0 /vol/web/html/mobile/index.php(101): Dispatcher->dispatch(Object(CakeRequest), Object(CakeResponse))
#1 {main}
2012-03-21 14:16:47 Error: [MissingControllerException] Controller class CssController could not be found.
#0 /vol/web/html/mobile/index.php(101): Dispatcher->dispatch(Object(CakeRequest), Object(CakeResponse))
#1 {main}
2012-03-21 14:17:17 Error: [MissingControllerException] Controller class CssController could not be found.
#0 /vol/web/html/mobile/index.php(101): Dispatcher->dispatch(Object(CakeRequest), Object(CakeResponse))
#1 {main}
2012-03-21 14:30:48 Error: [MissingControllerException] Controller class DemoController could not be found.
#0 /vol/web/html/mobile/index.php(101): Dispatcher->dispatch(Object(CakeRequest), Object(CakeResponse))
#1 {main}
2012-03-24 16:45:49 Error: [MissingControllerException] Controller class CampaignsController could not be found.
#0 /vol/web/html/mobile/index.php(101): Dispatcher->dispatch(Object(CakeRequest), Object(CakeResponse))
#1 {main}
2012-03-24 16:46:21 Error: [MissingControllerException] Controller class ReportsController could not be found.
#0 /vol/web/html/mobile/index.php(101): Dispatcher->dispatch(Object(CakeRequest), Object(CakeResponse))
#1 {main}
2012-03-24 16:46:42 Error: [MissingControllerException] Controller class Reports.htmlController could not be found.
#0 /vol/web/html/mobile/index.php(101): Dispatcher->dispatch(Object(CakeRequest), Object(CakeResponse))
#1 {main}
2012-03-24 16:46:59 Error: [MissingControllerException] Controller class Reports.phpController could not be found.
#0 /vol/web/html/mobile/index.php(101): Dispatcher->dispatch(Object(CakeRequest), Object(CakeResponse))
#1 {main}
2012-04-04 11:56:46 Error: [MissingViewException] View file "/home/cake/mobile/View/Pages/contacts.ctp" is missing.
#0 /usr/lib/cake/lib/Cake/View/View.php(460): View->_getViewFileName('contacts')
#1 /usr/lib/cake/lib/Cake/Controller/Controller.php(962): View->render('contacts', NULL)
#2 /vol/home/cake/mobile/Controller/PagesController.php(71): Controller->render('contacts')
#3 [internal function]: PagesController->display('contacts')
#4 /usr/lib/cake/lib/Cake/Controller/Controller.php(488): ReflectionMethod->invokeArgs(Object(PagesController), Array)
#5 /usr/lib/cake/lib/Cake/Routing/Dispatcher.php(103): Controller->invokeAction(Object(CakeRequest))
#6 /usr/lib/cake/lib/Cake/Routing/Dispatcher.php(85): Dispatcher->_invoke(Object(PagesController), Object(CakeRequest), Object(CakeResponse))
#7 /vol/web/html/mobile/index.php(101): Dispatcher->dispatch(Object(CakeRequest), Object(CakeResponse))
#8 {main}
2012-04-10 01:59:52 Error: [MissingControllerException] Controller class AuthController could not be found.
#0 /vol/web/html/mobile/index.php(101): Dispatcher->dispatch(Object(CakeRequest), Object(CakeResponse))
#1 {main}
2012-04-10 01:59:57 Error: [MissingControllerException] Controller class AuthController could not be found.
#0 /vol/web/html/mobile/index.php(101): Dispatcher->dispatch(Object(CakeRequest), Object(CakeResponse))
#1 {main}
2012-04-10 02:00:38 Error: [MissingControllerException] Controller class AuthController could not be found.
#0 /vol/web/html/mobile/index.php(101): Dispatcher->dispatch(Object(CakeRequest), Object(CakeResponse))
#1 {main}
2012-04-10 02:01:28 Error: [MissingControllerException] Controller class AuthController could not be found.
#0 /vol/web/html/mobile/index.php(101): Dispatcher->dispatch(Object(CakeRequest), Object(CakeResponse))
#1 {main}
2012-04-10 02:01:55 Error: [MissingActionException] Action AuthController::reports() could not be found.
#0 /usr/lib/cake/lib/Cake/Routing/Dispatcher.php(103): Controller->invokeAction(Object(CakeRequest))
#1 /usr/lib/cake/lib/Cake/Routing/Dispatcher.php(85): Dispatcher->_invoke(Object(AuthController), Object(CakeRequest), Object(CakeResponse))
#2 /vol/web/html/mobile/index.php(101): Dispatcher->dispatch(Object(CakeRequest), Object(CakeResponse))
#3 {main}
2012-04-10 02:02:23 Error: [MissingActionException] Action AuthController::reports() could not be found.
#0 /usr/lib/cake/lib/Cake/Routing/Dispatcher.php(103): Controller->invokeAction(Object(CakeRequest))
#1 /usr/lib/cake/lib/Cake/Routing/Dispatcher.php(85): Dispatcher->_invoke(Object(AuthController), Object(CakeRequest), Object(CakeResponse))
#2 /vol/web/html/mobile/index.php(101): Dispatcher->dispatch(Object(CakeRequest), Object(CakeResponse))
#3 {main}
2012-04-10 02:02:26 Error: [MissingActionException] Action AuthController::reports() could not be found.
#0 /usr/lib/cake/lib/Cake/Routing/Dispatcher.php(103): Controller->invokeAction(Object(CakeRequest))
#1 /usr/lib/cake/lib/Cake/Routing/Dispatcher.php(85): Dispatcher->_invoke(Object(AuthController), Object(CakeRequest), Object(CakeResponse))
#2 /vol/web/html/mobile/index.php(101): Dispatcher->dispatch(Object(CakeRequest), Object(CakeResponse))
#3 {main}
2012-04-10 02:03:33 Error: [MissingActionException] Action AuthController::reports() could not be found.
#0 /usr/lib/cake/lib/Cake/Routing/Dispatcher.php(103): Controller->invokeAction(Object(CakeRequest))
#1 /usr/lib/cake/lib/Cake/Routing/Dispatcher.php(85): Dispatcher->_invoke(Object(AuthController), Object(CakeRequest), Object(CakeResponse))
#2 /vol/web/html/mobile/index.php(101): Dispatcher->dispatch(Object(CakeRequest), Object(CakeResponse))
#3 {main}
2012-04-10 02:03:35 Error: [MissingActionException] Action AuthController::reports() could not be found.
#0 /usr/lib/cake/lib/Cake/Routing/Dispatcher.php(103): Controller->invokeAction(Object(CakeRequest))
#1 /usr/lib/cake/lib/Cake/Routing/Dispatcher.php(85): Dispatcher->_invoke(Object(AuthController), Object(CakeRequest), Object(CakeResponse))
#2 /vol/web/html/mobile/index.php(101): Dispatcher->dispatch(Object(CakeRequest), Object(CakeResponse))
#3 {main}
2012-04-10 02:03:36 Error: [MissingActionException] Action AuthController::reports() could not be found.
#0 /usr/lib/cake/lib/Cake/Routing/Dispatcher.php(103): Controller->invokeAction(Object(CakeRequest))
#1 /usr/lib/cake/lib/Cake/Routing/Dispatcher.php(85): Dispatcher->_invoke(Object(AuthController), Object(CakeRequest), Object(CakeResponse))
#2 /vol/web/html/mobile/index.php(101): Dispatcher->dispatch(Object(CakeRequest), Object(CakeResponse))
#3 {main}
2012-04-10 02:03:36 Error: [MissingActionException] Action AuthController::reports() could not be found.
#0 /usr/lib/cake/lib/Cake/Routing/Dispatcher.php(103): Controller->invokeAction(Object(CakeRequest))
#1 /usr/lib/cake/lib/Cake/Routing/Dispatcher.php(85): Dispatcher->_invoke(Object(AuthController), Object(CakeRequest), Object(CakeResponse))
#2 /vol/web/html/mobile/index.php(101): Dispatcher->dispatch(Object(CakeRequest), Object(CakeResponse))
#3 {main}
2012-04-10 02:03:37 Error: [MissingActionException] Action AuthController::reports() could not be found.
#0 /usr/lib/cake/lib/Cake/Routing/Dispatcher.php(103): Controller->invokeAction(Object(CakeRequest))
#1 /usr/lib/cake/lib/Cake/Routing/Dispatcher.php(85): Dispatcher->_invoke(Object(AuthController), Object(CakeRequest), Object(CakeResponse))
#2 /vol/web/html/mobile/index.php(101): Dispatcher->dispatch(Object(CakeRequest), Object(CakeResponse))
#3 {main}
2012-04-10 02:04:12 Error: [MissingActionException] Action AuthController::reports() could not be found.
#0 /usr/lib/cake/lib/Cake/Routing/Dispatcher.php(103): Controller->invokeAction(Object(CakeRequest))
#1 /usr/lib/cake/lib/Cake/Routing/Dispatcher.php(85): Dispatcher->_invoke(Object(AuthController), Object(CakeRequest), Object(CakeResponse))
#2 /vol/web/html/mobile/index.php(101): Dispatcher->dispatch(Object(CakeRequest), Object(CakeResponse))
#3 {main}
2012-04-10 02:04:13 Error: [MissingActionException] Action AuthController::reports() could not be found.
#0 /usr/lib/cake/lib/Cake/Routing/Dispatcher.php(103): Controller->invokeAction(Object(CakeRequest))
#1 /usr/lib/cake/lib/Cake/Routing/Dispatcher.php(85): Dispatcher->_invoke(Object(AuthController), Object(CakeRequest), Object(CakeResponse))
#2 /vol/web/html/mobile/index.php(101): Dispatcher->dispatch(Object(CakeRequest), Object(CakeResponse))
#3 {main}
2012-04-10 02:04:19 Error: [MissingViewException] View file "/home/cake/mobile/View/Pages/reports/reports.ctp" is missing.
#0 /usr/lib/cake/lib/Cake/View/View.php(460): View->_getViewFileName('reports/reports')
#1 /usr/lib/cake/lib/Cake/Controller/Controller.php(962): View->render('reports/reports', NULL)
#2 /vol/home/cake/mobile/Controller/PagesController.php(71): Controller->render('reports/reports')
#3 [internal function]: PagesController->display('reports', 'reports')
#4 /usr/lib/cake/lib/Cake/Controller/Controller.php(488): ReflectionMethod->invokeArgs(Object(PagesController), Array)
#5 /usr/lib/cake/lib/Cake/Routing/Dispatcher.php(103): Controller->invokeAction(Object(CakeRequest))
#6 /usr/lib/cake/lib/Cake/Routing/Dispatcher.php(85): Dispatcher->_invoke(Object(PagesController), Object(CakeRequest), Object(CakeResponse))
#7 /vol/web/html/mobile/index.php(101): Dispatcher->dispatch(Object(CakeRequest), Object(CakeResponse))
#8 {main}
2012-04-10 02:19:42 Error: [MissingControllerException] Controller class ContactsController could not be found.
#0 /vol/web/html/mobile/index.php(101): Dispatcher->dispatch(Object(CakeRequest), Object(CakeResponse))
#1 {main}
2012-04-10 02:23:06 Error: [MissingControllerException] Controller class ContactsController could not be found.
#0 /vol/web/html/mobile/index.php(101): Dispatcher->dispatch(Object(CakeRequest), Object(CakeResponse))
#1 {main}
2012-04-17 19:34:22 Error: [MissingControllerException] Controller class Index.phpController could not be found.
#0 C:\Program Files (x86)\Apache Group\Apache2\htdocs\mobile\index.php(101): Dispatcher->dispatch(Object(CakeRequest), Object(CakeResponse))
#1 {main}
2012-04-17 19:36:11 Error: [MissingControllerException] Controller class Index.phpController could not be found.
#0 C:\Program Files (x86)\Apache Group\Apache2\htdocs\mobile\index.php(101): Dispatcher->dispatch(Object(CakeRequest), Object(CakeResponse))
#1 {main}
2012-04-17 19:40:22 Error: [MissingControllerException] Controller class Index.phpController could not be found.
#0 C:\Program Files (x86)\Apache Group\Apache2\htdocs\mobile\index.php(101): Dispatcher->dispatch(Object(CakeRequest), Object(CakeResponse))
#1 {main}
2012-04-17 19:45:06 Error: [MissingControllerException] Controller class Index.phpController could not be found.
#0 C:\Program Files (x86)\Apache Group\Apache2\htdocs\mobile\index.php(101): Dispatcher->dispatch(Object(CakeRequest), Object(CakeResponse))
#1 {main}
2012-04-17 19:50:16 Error: [MissingControllerException] Controller class Index.phpController could not be found.
#0 C:\Program Files (x86)\Apache Group\Apache2\htdocs\mobile\index.php(101): Dispatcher->dispatch(Object(CakeRequest), Object(CakeResponse))
#1 {main}